[2024-11-14T03:24:09.621+0000] {local_task_job_runner.py:120} INFO - ::group::Pre task execution logs
[2024-11-14T03:24:09.936+0000] {taskinstance.py:2076} INFO - Dependencies all met for dep_context=non-requeueable deps ti=<TaskInstance: BuildELT_dbt.dbt_run manual__2024-11-14T03:24:08.421527+00:00 [queued]>
[2024-11-14T03:24:09.983+0000] {taskinstance.py:2076} INFO - Dependencies all met for dep_context=requeueable deps ti=<TaskInstance: BuildELT_dbt.dbt_run manual__2024-11-14T03:24:08.421527+00:00 [queued]>
[2024-11-14T03:24:09.997+0000] {taskinstance.py:2306} INFO - Starting attempt 1 of 1
[2024-11-14T03:24:10.668+0000] {taskinstance.py:2330} INFO - Executing <Task(BashOperator): dbt_run> on 2024-11-14 03:24:08.421527+00:00
[2024-11-14T03:24:10.695+0000] {standard_task_runner.py:90} INFO - Running: ['***', 'tasks', 'run', 'BuildELT_dbt', 'dbt_run', 'manual__2024-11-14T03:24:08.421527+00:00', '--job-id', '10', '--raw', '--subdir', 'DAGS_FOLDER/build_elt_with_dbt.py', '--cfg-path', '/tmp/tmpg95cq026']
[2024-11-14T03:24:10.732+0000] {logging_mixin.py:188} WARNING - /home/***/.local/lib/python3.12/site-packages/***/task/task_runner/standard_task_runner.py:61 DeprecationWarning: This process (pid=722) is multi-threaded, use of fork() may lead to deadlocks in the child.
[2024-11-14T03:24:10.735+0000] {standard_task_runner.py:91} INFO - Job 10: Subtask dbt_run
[2024-11-14T03:24:10.736+0000] {standard_task_runner.py:63} INFO - Started process 723 to run task
[2024-11-14T03:24:11.149+0000] {task_command.py:426} INFO - Running <TaskInstance: BuildELT_dbt.dbt_run manual__2024-11-14T03:24:08.421527+00:00 [running]> on host dbaa703e1ac4
[2024-11-14T03:24:11.448+0000] {taskinstance.py:2648} INFO - Exporting env vars: AIRFLOW_CTX_DAG_OWNER='***' AIRFLOW_CTX_DAG_ID='BuildELT_dbt' AIRFLOW_CTX_TASK_ID='dbt_run' AIRFLOW_CTX_EXECUTION_DATE='2024-11-14T03:24:08.421527+00:00' AIRFLOW_CTX_TRY_NUMBER='1' AIRFLOW_CTX_DAG_RUN_ID='manual__2024-11-14T03:24:08.421527+00:00'
[2024-11-14T03:24:11.450+0000] {taskinstance.py:430} INFO - ::endgroup::
[2024-11-14T03:24:11.497+0000] {subprocess.py:63} INFO - Tmp dir root location: /tmp
[2024-11-14T03:24:11.504+0000] {subprocess.py:75} INFO - Running command: ['/usr/bin/bash', '-c', '/home/***/.local/bin/dbt run --profiles-dir /opt/***/build_mau2 --project-dir /opt/***/build_mau2']
[2024-11-14T03:24:11.517+0000] {subprocess.py:86} INFO - Output:
[2024-11-14T03:24:15.047+0000] {subprocess.py:93} INFO - [0m03:24:15  Running with dbt=1.8.7
[2024-11-14T03:24:17.115+0000] {subprocess.py:93} INFO - [0m03:24:17  Registered adapter: snowflake=1.8.4
[2024-11-14T03:24:18.306+0000] {subprocess.py:93} INFO - [0m03:24:18  Found 3 models, 1 snapshot, 2 data tests, 3 sources, 459 macros
[2024-11-14T03:24:18.313+0000] {subprocess.py:93} INFO - [0m03:24:18
[2024-11-14T03:24:20.207+0000] {subprocess.py:93} INFO - [0m03:24:20  Concurrency: 1 threads (target='dev')
[2024-11-14T03:24:20.210+0000] {subprocess.py:93} INFO - [0m03:24:20
[2024-11-14T03:24:20.331+0000] {subprocess.py:93} INFO - [0m03:24:20  1 of 1 START sql table model analytics.session_summary ......................... [RUN]
[2024-11-14T03:24:22.027+0000] {subprocess.py:93} INFO - [0m03:24:22  1 of 1 OK created sql table model analytics.session_summary .................... [[32mSUCCESS 1[0m in 1.69s]
[2024-11-14T03:24:22.040+0000] {subprocess.py:93} INFO - [0m03:24:22
[2024-11-14T03:24:22.043+0000] {subprocess.py:93} INFO - [0m03:24:22  Finished running 1 table model in 0 hours 0 minutes and 3.72 seconds (3.72s).
[2024-11-14T03:24:22.184+0000] {subprocess.py:93} INFO - [0m03:24:22
[2024-11-14T03:24:22.186+0000] {subprocess.py:93} INFO - [0m03:24:22  [32mCompleted successfully[0m
[2024-11-14T03:24:22.188+0000] {subprocess.py:93} INFO - [0m03:24:22
[2024-11-14T03:24:22.191+0000] {subprocess.py:93} INFO - [0m03:24:22  Done. PASS=1 WARN=0 ERROR=0 SKIP=0 TOTAL=1
[2024-11-14T03:24:23.099+0000] {subprocess.py:97} INFO - Command exited with return code 0
[2024-11-14T03:24:23.102+0000] {taskinstance.py:441} INFO - ::group::Post task execution logs
[2024-11-14T03:24:23.131+0000] {taskinstance.py:1206} INFO - Marking task as SUCCESS. dag_id=BuildELT_dbt, task_id=dbt_run, run_id=manual__2024-11-14T03:24:08.421527+00:00, execution_date=20241114T032408, start_date=20241114T032409, end_date=20241114T032423
[2024-11-14T03:24:23.184+0000] {local_task_job_runner.py:240} INFO - Task exited with return code 0
[2024-11-14T03:24:23.203+0000] {local_task_job_runner.py:222} INFO - ::endgroup::
