[2024-11-14T03:22:05.298+0000] {local_task_job_runner.py:120} INFO - ::group::Pre task execution logs
[2024-11-14T03:22:05.337+0000] {taskinstance.py:2076} INFO - Dependencies all met for dep_context=non-requeueable deps ti=<TaskInstance: BuildELT_dbt.dbt_snapshot manual__2024-11-14T03:21:37.849473+00:00 [queued]>
[2024-11-14T03:22:05.349+0000] {taskinstance.py:2076} INFO - Dependencies all met for dep_context=requeueable deps ti=<TaskInstance: BuildELT_dbt.dbt_snapshot manual__2024-11-14T03:21:37.849473+00:00 [queued]>
[2024-11-14T03:22:05.351+0000] {taskinstance.py:2306} INFO - Starting attempt 1 of 1
[2024-11-14T03:22:05.369+0000] {taskinstance.py:2330} INFO - Executing <Task(BashOperator): dbt_snapshot> on 2024-11-14 03:21:37.849473+00:00
[2024-11-14T03:22:05.384+0000] {standard_task_runner.py:90} INFO - Running: ['***', 'tasks', 'run', 'BuildELT_dbt', 'dbt_snapshot', 'manual__2024-11-14T03:21:37.849473+00:00', '--job-id', '9', '--raw', '--subdir', 'DAGS_FOLDER/build_elt_with_dbt.py', '--cfg-path', '/tmp/tmp6ys80278']
[2024-11-14T03:22:05.388+0000] {standard_task_runner.py:91} INFO - Job 9: Subtask dbt_snapshot
[2024-11-14T03:22:05.388+0000] {logging_mixin.py:188} WARNING - /home/***/.local/lib/python3.12/site-packages/***/task/task_runner/standard_task_runner.py:61 DeprecationWarning: This process (pid=654) is multi-threaded, use of fork() may lead to deadlocks in the child.
[2024-11-14T03:22:05.390+0000] {standard_task_runner.py:63} INFO - Started process 660 to run task
[2024-11-14T03:22:05.468+0000] {task_command.py:426} INFO - Running <TaskInstance: BuildELT_dbt.dbt_snapshot manual__2024-11-14T03:21:37.849473+00:00 [running]> on host dbaa703e1ac4
[2024-11-14T03:22:05.574+0000] {taskinstance.py:2648} INFO - Exporting env vars: AIRFLOW_CTX_DAG_OWNER='***' AIRFLOW_CTX_DAG_ID='BuildELT_dbt' AIRFLOW_CTX_TASK_ID='dbt_snapshot' AIRFLOW_CTX_EXECUTION_DATE='2024-11-14T03:21:37.849473+00:00' AIRFLOW_CTX_TRY_NUMBER='1' AIRFLOW_CTX_DAG_RUN_ID='manual__2024-11-14T03:21:37.849473+00:00'
[2024-11-14T03:22:05.575+0000] {taskinstance.py:430} INFO - ::endgroup::
[2024-11-14T03:22:05.593+0000] {subprocess.py:63} INFO - Tmp dir root location: /tmp
[2024-11-14T03:22:05.596+0000] {subprocess.py:75} INFO - Running command: ['/usr/bin/bash', '-c', '/home/***/.local/bin/dbt snapshot --profiles-dir /opt/***/build_mau2 --project-dir /opt/***/build_mau2']
[2024-11-14T03:22:05.610+0000] {subprocess.py:86} INFO - Output:
[2024-11-14T03:22:07.995+0000] {subprocess.py:93} INFO - [0m03:22:07  Running with dbt=1.8.7
[2024-11-14T03:22:09.046+0000] {subprocess.py:93} INFO - [0m03:22:09  Registered adapter: snowflake=1.8.4
[2024-11-14T03:22:09.706+0000] {subprocess.py:93} INFO - [0m03:22:09  Found 3 models, 1 snapshot, 2 data tests, 3 sources, 459 macros
[2024-11-14T03:22:09.712+0000] {subprocess.py:93} INFO - [0m03:22:09
[2024-11-14T03:22:12.093+0000] {subprocess.py:93} INFO - [0m03:22:12  Concurrency: 1 threads (target='dev')
[2024-11-14T03:22:12.097+0000] {subprocess.py:93} INFO - [0m03:22:12
[2024-11-14T03:22:12.122+0000] {subprocess.py:93} INFO - [0m03:22:12  1 of 1 START snapshot snapshot.snapshot_session_summary ........................ [RUN]
[2024-11-14T03:22:14.943+0000] {subprocess.py:93} INFO - [0m03:22:14  1 of 1 OK snapshotted snapshot.snapshot_session_summary ........................ [[32mSUCCESS 1[0m in 2.81s]
[2024-11-14T03:22:14.956+0000] {subprocess.py:93} INFO - [0m03:22:14
[2024-11-14T03:22:14.959+0000] {subprocess.py:93} INFO - [0m03:22:14  Finished running 1 snapshot in 0 hours 0 minutes and 5.24 seconds (5.24s).
[2024-11-14T03:22:15.080+0000] {subprocess.py:93} INFO - [0m03:22:15
[2024-11-14T03:22:15.083+0000] {subprocess.py:93} INFO - [0m03:22:15  [32mCompleted successfully[0m
[2024-11-14T03:22:15.086+0000] {subprocess.py:93} INFO - [0m03:22:15
[2024-11-14T03:22:15.088+0000] {subprocess.py:93} INFO - [0m03:22:15  Done. PASS=1 WARN=0 ERROR=0 SKIP=0 TOTAL=1
[2024-11-14T03:22:15.897+0000] {subprocess.py:97} INFO - Command exited with return code 0
[2024-11-14T03:22:15.899+0000] {taskinstance.py:441} INFO - ::group::Post task execution logs
[2024-11-14T03:22:15.934+0000] {taskinstance.py:1206} INFO - Marking task as SUCCESS. dag_id=BuildELT_dbt, task_id=dbt_snapshot, run_id=manual__2024-11-14T03:21:37.849473+00:00, execution_date=20241114T032137, start_date=20241114T032205, end_date=20241114T032215
[2024-11-14T03:22:16.000+0000] {local_task_job_runner.py:240} INFO - Task exited with return code 0
[2024-11-14T03:22:16.015+0000] {taskinstance.py:3498} INFO - 0 downstream tasks scheduled from follow-on schedule check
[2024-11-14T03:22:16.017+0000] {local_task_job_runner.py:222} INFO - ::endgroup::
