[2024-11-14T03:21:40.355+0000] {local_task_job_runner.py:120} INFO - ::group::Pre task execution logs
[2024-11-14T03:21:40.891+0000] {taskinstance.py:2076} INFO - Dependencies all met for dep_context=non-requeueable deps ti=<TaskInstance: BuildELT_dbt.dbt_run manual__2024-11-14T03:21:37.849473+00:00 [queued]>
[2024-11-14T03:21:40.916+0000] {taskinstance.py:2076} INFO - Dependencies all met for dep_context=requeueable deps ti=<TaskInstance: BuildELT_dbt.dbt_run manual__2024-11-14T03:21:37.849473+00:00 [queued]>
[2024-11-14T03:21:40.918+0000] {taskinstance.py:2306} INFO - Starting attempt 1 of 1
[2024-11-14T03:21:40.967+0000] {taskinstance.py:2330} INFO - Executing <Task(BashOperator): dbt_run> on 2024-11-14 03:21:37.849473+00:00
[2024-11-14T03:21:41.001+0000] {standard_task_runner.py:90} INFO - Running: ['***', 'tasks', 'run', 'BuildELT_dbt', 'dbt_run', 'manual__2024-11-14T03:21:37.849473+00:00', '--job-id', '7', '--raw', '--subdir', 'DAGS_FOLDER/build_elt_with_dbt.py', '--cfg-path', '/tmp/tmp6vjt1m8f']
[2024-11-14T03:21:41.036+0000] {standard_task_runner.py:91} INFO - Job 7: Subtask dbt_run
[2024-11-14T03:21:41.064+0000] {logging_mixin.py:188} WARNING - /home/***/.local/lib/python3.12/site-packages/***/task/task_runner/standard_task_runner.py:61 DeprecationWarning: This process (pid=611) is multi-threaded, use of fork() may lead to deadlocks in the child.
[2024-11-14T03:21:41.068+0000] {standard_task_runner.py:63} INFO - Started process 612 to run task
[2024-11-14T03:21:41.170+0000] {task_command.py:426} INFO - Running <TaskInstance: BuildELT_dbt.dbt_run manual__2024-11-14T03:21:37.849473+00:00 [running]> on host dbaa703e1ac4
[2024-11-14T03:21:41.453+0000] {taskinstance.py:2648} INFO - Exporting env vars: AIRFLOW_CTX_DAG_OWNER='***' AIRFLOW_CTX_DAG_ID='BuildELT_dbt' AIRFLOW_CTX_TASK_ID='dbt_run' AIRFLOW_CTX_EXECUTION_DATE='2024-11-14T03:21:37.849473+00:00' AIRFLOW_CTX_TRY_NUMBER='1' AIRFLOW_CTX_DAG_RUN_ID='manual__2024-11-14T03:21:37.849473+00:00'
[2024-11-14T03:21:41.455+0000] {taskinstance.py:430} INFO - ::endgroup::
[2024-11-14T03:21:41.518+0000] {subprocess.py:63} INFO - Tmp dir root location: /tmp
[2024-11-14T03:21:41.523+0000] {subprocess.py:75} INFO - Running command: ['/usr/bin/bash', '-c', '/home/***/.local/bin/dbt run --profiles-dir /opt/***/build_mau2 --project-dir /opt/***/build_mau2']
[2024-11-14T03:21:41.544+0000] {subprocess.py:86} INFO - Output:
[2024-11-14T03:21:46.143+0000] {subprocess.py:93} INFO - [0m03:21:46  Running with dbt=1.8.7
[2024-11-14T03:21:49.031+0000] {subprocess.py:93} INFO - [0m03:21:49  Registered adapter: snowflake=1.8.4
[2024-11-14T03:21:49.814+0000] {subprocess.py:93} INFO - [0m03:21:49  Found 3 models, 1 snapshot, 2 data tests, 3 sources, 459 macros
[2024-11-14T03:21:49.821+0000] {subprocess.py:93} INFO - [0m03:21:49
[2024-11-14T03:21:51.871+0000] {subprocess.py:93} INFO - [0m03:21:51  Concurrency: 1 threads (target='dev')
[2024-11-14T03:21:51.874+0000] {subprocess.py:93} INFO - [0m03:21:51
[2024-11-14T03:21:52.009+0000] {subprocess.py:93} INFO - [0m03:21:52  1 of 1 START sql table model analytics.session_summary ......................... [RUN]
[2024-11-14T03:21:53.550+0000] {subprocess.py:93} INFO - [0m03:21:53  1 of 1 OK created sql table model analytics.session_summary .................... [[32mSUCCESS 1[0m in 1.53s]
[2024-11-14T03:21:53.568+0000] {subprocess.py:93} INFO - [0m03:21:53
[2024-11-14T03:21:53.571+0000] {subprocess.py:93} INFO - [0m03:21:53  Finished running 1 table model in 0 hours 0 minutes and 3.74 seconds (3.74s).
[2024-11-14T03:21:53.724+0000] {subprocess.py:93} INFO - [0m03:21:53
[2024-11-14T03:21:53.728+0000] {subprocess.py:93} INFO - [0m03:21:53  [32mCompleted successfully[0m
[2024-11-14T03:21:53.730+0000] {subprocess.py:93} INFO - [0m03:21:53
[2024-11-14T03:21:53.732+0000] {subprocess.py:93} INFO - [0m03:21:53  Done. PASS=1 WARN=0 ERROR=0 SKIP=0 TOTAL=1
[2024-11-14T03:21:54.713+0000] {subprocess.py:97} INFO - Command exited with return code 0
[2024-11-14T03:21:54.718+0000] {taskinstance.py:441} INFO - ::group::Post task execution logs
[2024-11-14T03:21:54.773+0000] {taskinstance.py:1206} INFO - Marking task as SUCCESS. dag_id=BuildELT_dbt, task_id=dbt_run, run_id=manual__2024-11-14T03:21:37.849473+00:00, execution_date=20241114T032137, start_date=20241114T032140, end_date=20241114T032154
[2024-11-14T03:21:54.826+0000] {local_task_job_runner.py:240} INFO - Task exited with return code 0
[2024-11-14T03:21:54.850+0000] {local_task_job_runner.py:222} INFO - ::endgroup::
