[2024-11-14T03:02:30.937+0000] {processor.py:161} INFO - Started process (PID=331) to work on /opt/airflow/dags/build_elt_with_dbt.py
[2024-11-14T03:02:30.938+0000] {processor.py:830} INFO - Processing file /opt/airflow/dags/build_elt_with_dbt.py for tasks to queue
[2024-11-14T03:02:30.942+0000] {logging_mixin.py:188} INFO - [2024-11-14T03:02:30.942+0000] {dagbag.py:545} INFO - Filling up the DagBag from /opt/airflow/dags/build_elt_with_dbt.py
[2024-11-14T03:02:31.023+0000] {logging_mixin.py:188} INFO - [2024-11-14T03:02:31.016+0000] {dagbag.py:355} ERROR - Failed to import: /opt/airflow/dags/build_elt_with_dbt.py
Traceback (most recent call last):
  File "/home/airflow/.local/lib/python3.12/site-packages/airflow/models/dagbag.py", line 351, in parse
    loader.exec_module(new_module)
  File "<frozen importlib._bootstrap_external>", line 995, in exec_module
  File "<frozen importlib._bootstrap>", line 488, in _call_with_frames_removed
  File "/opt/airflow/dags/build_elt_with_dbt.py", line 16, in <module>
    conn = BaseHook.get_connection('snowflake_conn')
           ^^^^^^^^^^^^^^^^^^^^^^^^^^^^^^^^^^^^^^^^^
  File "/home/airflow/.local/lib/python3.12/site-packages/airflow/hooks/base.py", line 83, in get_connection
    conn = Connection.get_connection_from_secrets(conn_id)
           ^^^^^^^^^^^^^^^^^^^^^^^^^^^^^^^^^^^^^^^^^^^^^^^
  File "/home/airflow/.local/lib/python3.12/site-packages/airflow/models/connection.py", line 519, in get_connection_from_secrets
    raise AirflowNotFoundException(f"The conn_id `{conn_id}` isn't defined")
airflow.exceptions.AirflowNotFoundException: The conn_id `snowflake_conn` isn't defined
[2024-11-14T03:02:31.024+0000] {processor.py:842} WARNING - No viable dags retrieved from /opt/airflow/dags/build_elt_with_dbt.py
[2024-11-14T03:02:31.039+0000] {processor.py:183} INFO - Processing /opt/airflow/dags/build_elt_with_dbt.py took 0.111 seconds
[2024-11-14T03:03:01.511+0000] {processor.py:161} INFO - Started process (PID=357) to work on /opt/airflow/dags/build_elt_with_dbt.py
[2024-11-14T03:03:01.514+0000] {processor.py:830} INFO - Processing file /opt/airflow/dags/build_elt_with_dbt.py for tasks to queue
[2024-11-14T03:03:01.538+0000] {logging_mixin.py:188} INFO - [2024-11-14T03:03:01.531+0000] {dagbag.py:545} INFO - Filling up the DagBag from /opt/airflow/dags/build_elt_with_dbt.py
[2024-11-14T03:03:01.710+0000] {logging_mixin.py:188} INFO - [2024-11-14T03:03:01.693+0000] {dagbag.py:355} ERROR - Failed to import: /opt/airflow/dags/build_elt_with_dbt.py
Traceback (most recent call last):
  File "/home/airflow/.local/lib/python3.12/site-packages/airflow/models/dagbag.py", line 351, in parse
    loader.exec_module(new_module)
  File "<frozen importlib._bootstrap_external>", line 995, in exec_module
  File "<frozen importlib._bootstrap>", line 488, in _call_with_frames_removed
  File "/opt/airflow/dags/build_elt_with_dbt.py", line 16, in <module>
    conn = BaseHook.get_connection('snowflake_conn')
           ^^^^^^^^^^^^^^^^^^^^^^^^^^^^^^^^^^^^^^^^^
  File "/home/airflow/.local/lib/python3.12/site-packages/airflow/hooks/base.py", line 83, in get_connection
    conn = Connection.get_connection_from_secrets(conn_id)
           ^^^^^^^^^^^^^^^^^^^^^^^^^^^^^^^^^^^^^^^^^^^^^^^
  File "/home/airflow/.local/lib/python3.12/site-packages/airflow/models/connection.py", line 519, in get_connection_from_secrets
    raise AirflowNotFoundException(f"The conn_id `{conn_id}` isn't defined")
airflow.exceptions.AirflowNotFoundException: The conn_id `snowflake_conn` isn't defined
[2024-11-14T03:03:01.716+0000] {processor.py:842} WARNING - No viable dags retrieved from /opt/airflow/dags/build_elt_with_dbt.py
[2024-11-14T03:03:01.795+0000] {processor.py:183} INFO - Processing /opt/airflow/dags/build_elt_with_dbt.py took 0.339 seconds
[2024-11-14T03:03:32.162+0000] {processor.py:161} INFO - Started process (PID=372) to work on /opt/airflow/dags/build_elt_with_dbt.py
[2024-11-14T03:03:32.164+0000] {processor.py:830} INFO - Processing file /opt/airflow/dags/build_elt_with_dbt.py for tasks to queue
[2024-11-14T03:03:32.167+0000] {logging_mixin.py:188} INFO - [2024-11-14T03:03:32.167+0000] {dagbag.py:545} INFO - Filling up the DagBag from /opt/airflow/dags/build_elt_with_dbt.py
[2024-11-14T03:03:32.249+0000] {logging_mixin.py:188} INFO - [2024-11-14T03:03:32.236+0000] {dagbag.py:355} ERROR - Failed to import: /opt/airflow/dags/build_elt_with_dbt.py
Traceback (most recent call last):
  File "/home/airflow/.local/lib/python3.12/site-packages/airflow/models/dagbag.py", line 351, in parse
    loader.exec_module(new_module)
  File "<frozen importlib._bootstrap_external>", line 995, in exec_module
  File "<frozen importlib._bootstrap>", line 488, in _call_with_frames_removed
  File "/opt/airflow/dags/build_elt_with_dbt.py", line 16, in <module>
    conn = BaseHook.get_connection('snowflake_conn')
           ^^^^^^^^^^^^^^^^^^^^^^^^^^^^^^^^^^^^^^^^^
  File "/home/airflow/.local/lib/python3.12/site-packages/airflow/hooks/base.py", line 83, in get_connection
    conn = Connection.get_connection_from_secrets(conn_id)
           ^^^^^^^^^^^^^^^^^^^^^^^^^^^^^^^^^^^^^^^^^^^^^^^
  File "/home/airflow/.local/lib/python3.12/site-packages/airflow/models/connection.py", line 519, in get_connection_from_secrets
    raise AirflowNotFoundException(f"The conn_id `{conn_id}` isn't defined")
airflow.exceptions.AirflowNotFoundException: The conn_id `snowflake_conn` isn't defined
[2024-11-14T03:03:32.252+0000] {processor.py:842} WARNING - No viable dags retrieved from /opt/airflow/dags/build_elt_with_dbt.py
[2024-11-14T03:03:32.271+0000] {processor.py:183} INFO - Processing /opt/airflow/dags/build_elt_with_dbt.py took 0.116 seconds
[2024-11-14T03:12:55.699+0000] {processor.py:161} INFO - Started process (PID=332) to work on /opt/airflow/dags/build_elt_with_dbt.py
[2024-11-14T03:12:55.702+0000] {processor.py:830} INFO - Processing file /opt/airflow/dags/build_elt_with_dbt.py for tasks to queue
[2024-11-14T03:12:55.705+0000] {logging_mixin.py:188} INFO - [2024-11-14T03:12:55.704+0000] {dagbag.py:545} INFO - Filling up the DagBag from /opt/airflow/dags/build_elt_with_dbt.py
[2024-11-14T03:12:55.753+0000] {logging_mixin.py:188} INFO - [2024-11-14T03:12:55.746+0000] {dagbag.py:355} ERROR - Failed to import: /opt/airflow/dags/build_elt_with_dbt.py
Traceback (most recent call last):
  File "/home/airflow/.local/lib/python3.12/site-packages/airflow/models/dagbag.py", line 351, in parse
    loader.exec_module(new_module)
  File "<frozen importlib._bootstrap_external>", line 995, in exec_module
  File "<frozen importlib._bootstrap>", line 488, in _call_with_frames_removed
  File "/opt/airflow/dags/build_elt_with_dbt.py", line 16, in <module>
    conn = BaseHook.get_connection('snowflake_conn')
           ^^^^^^^^^^^^^^^^^^^^^^^^^^^^^^^^^^^^^^^^^
  File "/home/airflow/.local/lib/python3.12/site-packages/airflow/hooks/base.py", line 83, in get_connection
    conn = Connection.get_connection_from_secrets(conn_id)
           ^^^^^^^^^^^^^^^^^^^^^^^^^^^^^^^^^^^^^^^^^^^^^^^
  File "/home/airflow/.local/lib/python3.12/site-packages/airflow/models/connection.py", line 519, in get_connection_from_secrets
    raise AirflowNotFoundException(f"The conn_id `{conn_id}` isn't defined")
airflow.exceptions.AirflowNotFoundException: The conn_id `snowflake_conn` isn't defined
[2024-11-14T03:12:55.755+0000] {processor.py:842} WARNING - No viable dags retrieved from /opt/airflow/dags/build_elt_with_dbt.py
[2024-11-14T03:12:55.767+0000] {processor.py:183} INFO - Processing /opt/airflow/dags/build_elt_with_dbt.py took 0.077 seconds
[2024-11-14T03:13:26.212+0000] {processor.py:161} INFO - Started process (PID=362) to work on /opt/airflow/dags/build_elt_with_dbt.py
[2024-11-14T03:13:26.214+0000] {processor.py:830} INFO - Processing file /opt/airflow/dags/build_elt_with_dbt.py for tasks to queue
[2024-11-14T03:13:26.224+0000] {logging_mixin.py:188} INFO - [2024-11-14T03:13:26.222+0000] {dagbag.py:545} INFO - Filling up the DagBag from /opt/airflow/dags/build_elt_with_dbt.py
[2024-11-14T03:13:26.318+0000] {logging_mixin.py:188} INFO - [2024-11-14T03:13:26.310+0000] {dagbag.py:355} ERROR - Failed to import: /opt/airflow/dags/build_elt_with_dbt.py
Traceback (most recent call last):
  File "/home/airflow/.local/lib/python3.12/site-packages/airflow/models/dagbag.py", line 351, in parse
    loader.exec_module(new_module)
  File "<frozen importlib._bootstrap_external>", line 995, in exec_module
  File "<frozen importlib._bootstrap>", line 488, in _call_with_frames_removed
  File "/opt/airflow/dags/build_elt_with_dbt.py", line 16, in <module>
    conn = BaseHook.get_connection('snowflake_conn')
           ^^^^^^^^^^^^^^^^^^^^^^^^^^^^^^^^^^^^^^^^^
  File "/home/airflow/.local/lib/python3.12/site-packages/airflow/hooks/base.py", line 83, in get_connection
    conn = Connection.get_connection_from_secrets(conn_id)
           ^^^^^^^^^^^^^^^^^^^^^^^^^^^^^^^^^^^^^^^^^^^^^^^
  File "/home/airflow/.local/lib/python3.12/site-packages/airflow/models/connection.py", line 519, in get_connection_from_secrets
    raise AirflowNotFoundException(f"The conn_id `{conn_id}` isn't defined")
airflow.exceptions.AirflowNotFoundException: The conn_id `snowflake_conn` isn't defined
[2024-11-14T03:13:26.320+0000] {processor.py:842} WARNING - No viable dags retrieved from /opt/airflow/dags/build_elt_with_dbt.py
[2024-11-14T03:13:26.346+0000] {processor.py:183} INFO - Processing /opt/airflow/dags/build_elt_with_dbt.py took 0.171 seconds
[2024-11-14T03:13:56.469+0000] {processor.py:161} INFO - Started process (PID=373) to work on /opt/airflow/dags/build_elt_with_dbt.py
[2024-11-14T03:13:56.471+0000] {processor.py:830} INFO - Processing file /opt/airflow/dags/build_elt_with_dbt.py for tasks to queue
[2024-11-14T03:13:56.474+0000] {logging_mixin.py:188} INFO - [2024-11-14T03:13:56.473+0000] {dagbag.py:545} INFO - Filling up the DagBag from /opt/airflow/dags/build_elt_with_dbt.py
[2024-11-14T03:13:56.531+0000] {logging_mixin.py:188} INFO - [2024-11-14T03:13:56.520+0000] {dagbag.py:355} ERROR - Failed to import: /opt/airflow/dags/build_elt_with_dbt.py
Traceback (most recent call last):
  File "/home/airflow/.local/lib/python3.12/site-packages/airflow/models/dagbag.py", line 351, in parse
    loader.exec_module(new_module)
  File "<frozen importlib._bootstrap_external>", line 995, in exec_module
  File "<frozen importlib._bootstrap>", line 488, in _call_with_frames_removed
  File "/opt/airflow/dags/build_elt_with_dbt.py", line 16, in <module>
    conn = BaseHook.get_connection('snowflake_conn')
           ^^^^^^^^^^^^^^^^^^^^^^^^^^^^^^^^^^^^^^^^^
  File "/home/airflow/.local/lib/python3.12/site-packages/airflow/hooks/base.py", line 83, in get_connection
    conn = Connection.get_connection_from_secrets(conn_id)
           ^^^^^^^^^^^^^^^^^^^^^^^^^^^^^^^^^^^^^^^^^^^^^^^
  File "/home/airflow/.local/lib/python3.12/site-packages/airflow/models/connection.py", line 519, in get_connection_from_secrets
    raise AirflowNotFoundException(f"The conn_id `{conn_id}` isn't defined")
airflow.exceptions.AirflowNotFoundException: The conn_id `snowflake_conn` isn't defined
[2024-11-14T03:13:56.534+0000] {processor.py:842} WARNING - No viable dags retrieved from /opt/airflow/dags/build_elt_with_dbt.py
[2024-11-14T03:13:56.548+0000] {processor.py:183} INFO - Processing /opt/airflow/dags/build_elt_with_dbt.py took 0.095 seconds
[2024-11-14T03:14:26.787+0000] {processor.py:161} INFO - Started process (PID=384) to work on /opt/airflow/dags/build_elt_with_dbt.py
[2024-11-14T03:14:26.790+0000] {processor.py:830} INFO - Processing file /opt/airflow/dags/build_elt_with_dbt.py for tasks to queue
[2024-11-14T03:14:26.793+0000] {logging_mixin.py:188} INFO - [2024-11-14T03:14:26.793+0000] {dagbag.py:545} INFO - Filling up the DagBag from /opt/airflow/dags/build_elt_with_dbt.py
[2024-11-14T03:14:26.878+0000] {logging_mixin.py:188} INFO - [2024-11-14T03:14:26.865+0000] {dagbag.py:355} ERROR - Failed to import: /opt/airflow/dags/build_elt_with_dbt.py
Traceback (most recent call last):
  File "/home/airflow/.local/lib/python3.12/site-packages/airflow/models/dagbag.py", line 351, in parse
    loader.exec_module(new_module)
  File "<frozen importlib._bootstrap_external>", line 995, in exec_module
  File "<frozen importlib._bootstrap>", line 488, in _call_with_frames_removed
  File "/opt/airflow/dags/build_elt_with_dbt.py", line 16, in <module>
    conn = BaseHook.get_connection('snowflake_conn')
           ^^^^^^^^^^^^^^^^^^^^^^^^^^^^^^^^^^^^^^^^^
  File "/home/airflow/.local/lib/python3.12/site-packages/airflow/hooks/base.py", line 83, in get_connection
    conn = Connection.get_connection_from_secrets(conn_id)
           ^^^^^^^^^^^^^^^^^^^^^^^^^^^^^^^^^^^^^^^^^^^^^^^
  File "/home/airflow/.local/lib/python3.12/site-packages/airflow/models/connection.py", line 519, in get_connection_from_secrets
    raise AirflowNotFoundException(f"The conn_id `{conn_id}` isn't defined")
airflow.exceptions.AirflowNotFoundException: The conn_id `snowflake_conn` isn't defined
[2024-11-14T03:14:26.880+0000] {processor.py:842} WARNING - No viable dags retrieved from /opt/airflow/dags/build_elt_with_dbt.py
[2024-11-14T03:14:26.898+0000] {processor.py:183} INFO - Processing /opt/airflow/dags/build_elt_with_dbt.py took 0.124 seconds
[2024-11-14T03:14:57.326+0000] {processor.py:161} INFO - Started process (PID=397) to work on /opt/airflow/dags/build_elt_with_dbt.py
[2024-11-14T03:14:57.332+0000] {processor.py:830} INFO - Processing file /opt/airflow/dags/build_elt_with_dbt.py for tasks to queue
[2024-11-14T03:14:57.356+0000] {logging_mixin.py:188} INFO - [2024-11-14T03:14:57.351+0000] {dagbag.py:545} INFO - Filling up the DagBag from /opt/airflow/dags/build_elt_with_dbt.py
[2024-11-14T03:14:57.565+0000] {logging_mixin.py:188} INFO - [2024-11-14T03:14:57.492+0000] {dagbag.py:355} ERROR - Failed to import: /opt/airflow/dags/build_elt_with_dbt.py
Traceback (most recent call last):
  File "/home/airflow/.local/lib/python3.12/site-packages/airflow/models/dagbag.py", line 351, in parse
    loader.exec_module(new_module)
  File "<frozen importlib._bootstrap_external>", line 995, in exec_module
  File "<frozen importlib._bootstrap>", line 488, in _call_with_frames_removed
  File "/opt/airflow/dags/build_elt_with_dbt.py", line 16, in <module>
    conn = BaseHook.get_connection('snowflake_conn')
           ^^^^^^^^^^^^^^^^^^^^^^^^^^^^^^^^^^^^^^^^^
  File "/home/airflow/.local/lib/python3.12/site-packages/airflow/hooks/base.py", line 83, in get_connection
    conn = Connection.get_connection_from_secrets(conn_id)
           ^^^^^^^^^^^^^^^^^^^^^^^^^^^^^^^^^^^^^^^^^^^^^^^
  File "/home/airflow/.local/lib/python3.12/site-packages/airflow/models/connection.py", line 519, in get_connection_from_secrets
    raise AirflowNotFoundException(f"The conn_id `{conn_id}` isn't defined")
airflow.exceptions.AirflowNotFoundException: The conn_id `snowflake_conn` isn't defined
[2024-11-14T03:14:57.568+0000] {processor.py:842} WARNING - No viable dags retrieved from /opt/airflow/dags/build_elt_with_dbt.py
[2024-11-14T03:14:57.603+0000] {processor.py:183} INFO - Processing /opt/airflow/dags/build_elt_with_dbt.py took 0.330 seconds
[2024-11-14T03:15:27.959+0000] {processor.py:161} INFO - Started process (PID=408) to work on /opt/airflow/dags/build_elt_with_dbt.py
[2024-11-14T03:15:27.961+0000] {processor.py:830} INFO - Processing file /opt/airflow/dags/build_elt_with_dbt.py for tasks to queue
[2024-11-14T03:15:27.965+0000] {logging_mixin.py:188} INFO - [2024-11-14T03:15:27.965+0000] {dagbag.py:545} INFO - Filling up the DagBag from /opt/airflow/dags/build_elt_with_dbt.py
[2024-11-14T03:15:28.014+0000] {logging_mixin.py:188} INFO - [2024-11-14T03:15:28.001+0000] {dagbag.py:355} ERROR - Failed to import: /opt/airflow/dags/build_elt_with_dbt.py
Traceback (most recent call last):
  File "/home/airflow/.local/lib/python3.12/site-packages/airflow/models/dagbag.py", line 351, in parse
    loader.exec_module(new_module)
  File "<frozen importlib._bootstrap_external>", line 995, in exec_module
  File "<frozen importlib._bootstrap>", line 488, in _call_with_frames_removed
  File "/opt/airflow/dags/build_elt_with_dbt.py", line 16, in <module>
    conn = BaseHook.get_connection('snowflake_conn')
           ^^^^^^^^^^^^^^^^^^^^^^^^^^^^^^^^^^^^^^^^^
  File "/home/airflow/.local/lib/python3.12/site-packages/airflow/hooks/base.py", line 83, in get_connection
    conn = Connection.get_connection_from_secrets(conn_id)
           ^^^^^^^^^^^^^^^^^^^^^^^^^^^^^^^^^^^^^^^^^^^^^^^
  File "/home/airflow/.local/lib/python3.12/site-packages/airflow/models/connection.py", line 519, in get_connection_from_secrets
    raise AirflowNotFoundException(f"The conn_id `{conn_id}` isn't defined")
airflow.exceptions.AirflowNotFoundException: The conn_id `snowflake_conn` isn't defined
[2024-11-14T03:15:28.015+0000] {processor.py:842} WARNING - No viable dags retrieved from /opt/airflow/dags/build_elt_with_dbt.py
[2024-11-14T03:15:28.037+0000] {processor.py:183} INFO - Processing /opt/airflow/dags/build_elt_with_dbt.py took 0.085 seconds
[2024-11-14T03:15:58.287+0000] {processor.py:161} INFO - Started process (PID=419) to work on /opt/airflow/dags/build_elt_with_dbt.py
[2024-11-14T03:15:58.289+0000] {processor.py:830} INFO - Processing file /opt/airflow/dags/build_elt_with_dbt.py for tasks to queue
[2024-11-14T03:15:58.293+0000] {logging_mixin.py:188} INFO - [2024-11-14T03:15:58.292+0000] {dagbag.py:545} INFO - Filling up the DagBag from /opt/airflow/dags/build_elt_with_dbt.py
[2024-11-14T03:15:58.370+0000] {logging_mixin.py:188} INFO - [2024-11-14T03:15:58.358+0000] {dagbag.py:355} ERROR - Failed to import: /opt/airflow/dags/build_elt_with_dbt.py
Traceback (most recent call last):
  File "/home/airflow/.local/lib/python3.12/site-packages/airflow/models/dagbag.py", line 351, in parse
    loader.exec_module(new_module)
  File "<frozen importlib._bootstrap_external>", line 995, in exec_module
  File "<frozen importlib._bootstrap>", line 488, in _call_with_frames_removed
  File "/opt/airflow/dags/build_elt_with_dbt.py", line 16, in <module>
    conn = BaseHook.get_connection('snowflake_conn')
           ^^^^^^^^^^^^^^^^^^^^^^^^^^^^^^^^^^^^^^^^^
  File "/home/airflow/.local/lib/python3.12/site-packages/airflow/hooks/base.py", line 83, in get_connection
    conn = Connection.get_connection_from_secrets(conn_id)
           ^^^^^^^^^^^^^^^^^^^^^^^^^^^^^^^^^^^^^^^^^^^^^^^
  File "/home/airflow/.local/lib/python3.12/site-packages/airflow/models/connection.py", line 519, in get_connection_from_secrets
    raise AirflowNotFoundException(f"The conn_id `{conn_id}` isn't defined")
airflow.exceptions.AirflowNotFoundException: The conn_id `snowflake_conn` isn't defined
[2024-11-14T03:15:58.373+0000] {processor.py:842} WARNING - No viable dags retrieved from /opt/airflow/dags/build_elt_with_dbt.py
[2024-11-14T03:15:58.393+0000] {processor.py:183} INFO - Processing /opt/airflow/dags/build_elt_with_dbt.py took 0.113 seconds
[2024-11-14T03:16:28.655+0000] {processor.py:161} INFO - Started process (PID=430) to work on /opt/airflow/dags/build_elt_with_dbt.py
[2024-11-14T03:16:28.658+0000] {processor.py:830} INFO - Processing file /opt/airflow/dags/build_elt_with_dbt.py for tasks to queue
[2024-11-14T03:16:28.664+0000] {logging_mixin.py:188} INFO - [2024-11-14T03:16:28.663+0000] {dagbag.py:545} INFO - Filling up the DagBag from /opt/airflow/dags/build_elt_with_dbt.py
[2024-11-14T03:16:28.746+0000] {logging_mixin.py:188} INFO - [2024-11-14T03:16:28.732+0000] {dagbag.py:355} ERROR - Failed to import: /opt/airflow/dags/build_elt_with_dbt.py
Traceback (most recent call last):
  File "/home/airflow/.local/lib/python3.12/site-packages/airflow/models/dagbag.py", line 351, in parse
    loader.exec_module(new_module)
  File "<frozen importlib._bootstrap_external>", line 995, in exec_module
  File "<frozen importlib._bootstrap>", line 488, in _call_with_frames_removed
  File "/opt/airflow/dags/build_elt_with_dbt.py", line 16, in <module>
    conn = BaseHook.get_connection('snowflake_conn')
           ^^^^^^^^^^^^^^^^^^^^^^^^^^^^^^^^^^^^^^^^^
  File "/home/airflow/.local/lib/python3.12/site-packages/airflow/hooks/base.py", line 83, in get_connection
    conn = Connection.get_connection_from_secrets(conn_id)
           ^^^^^^^^^^^^^^^^^^^^^^^^^^^^^^^^^^^^^^^^^^^^^^^
  File "/home/airflow/.local/lib/python3.12/site-packages/airflow/models/connection.py", line 519, in get_connection_from_secrets
    raise AirflowNotFoundException(f"The conn_id `{conn_id}` isn't defined")
airflow.exceptions.AirflowNotFoundException: The conn_id `snowflake_conn` isn't defined
[2024-11-14T03:16:28.747+0000] {processor.py:842} WARNING - No viable dags retrieved from /opt/airflow/dags/build_elt_with_dbt.py
[2024-11-14T03:16:28.765+0000] {processor.py:183} INFO - Processing /opt/airflow/dags/build_elt_with_dbt.py took 0.122 seconds
[2024-11-14T03:16:58.980+0000] {processor.py:161} INFO - Started process (PID=441) to work on /opt/airflow/dags/build_elt_with_dbt.py
[2024-11-14T03:16:58.982+0000] {processor.py:830} INFO - Processing file /opt/airflow/dags/build_elt_with_dbt.py for tasks to queue
[2024-11-14T03:16:58.988+0000] {logging_mixin.py:188} INFO - [2024-11-14T03:16:58.987+0000] {dagbag.py:545} INFO - Filling up the DagBag from /opt/airflow/dags/build_elt_with_dbt.py
[2024-11-14T03:16:59.095+0000] {logging_mixin.py:188} INFO - [2024-11-14T03:16:59.094+0000] {base.py:84} INFO - Using connection ID 'snowflake_conn' for task execution.
[2024-11-14T03:16:59.272+0000] {processor.py:840} INFO - DAG(s) 'BuildELT_dbt' retrieved from /opt/airflow/dags/build_elt_with_dbt.py
[2024-11-14T03:17:00.184+0000] {logging_mixin.py:188} INFO - [2024-11-14T03:17:00.183+0000] {override.py:1829} INFO - Created Permission View: can read on DAG:BuildELT_dbt
[2024-11-14T03:17:00.212+0000] {logging_mixin.py:188} INFO - [2024-11-14T03:17:00.212+0000] {override.py:1829} INFO - Created Permission View: can edit on DAG:BuildELT_dbt
[2024-11-14T03:17:00.223+0000] {logging_mixin.py:188} INFO - [2024-11-14T03:17:00.223+0000] {override.py:1829} INFO - Created Permission View: can delete on DAG:BuildELT_dbt
[2024-11-14T03:17:00.226+0000] {logging_mixin.py:188} INFO - [2024-11-14T03:17:00.225+0000] {dag.py:3096} INFO - Sync 1 DAGs
[2024-11-14T03:17:00.293+0000] {logging_mixin.py:188} INFO - [2024-11-14T03:17:00.292+0000] {dag.py:3118} INFO - Creating ORM DAG for BuildELT_dbt
[2024-11-14T03:17:00.300+0000] {logging_mixin.py:188} INFO - [2024-11-14T03:17:00.299+0000] {dag.py:3954} INFO - Setting next_dagrun for BuildELT_dbt to None, run_after=None
[2024-11-14T03:17:00.342+0000] {processor.py:183} INFO - Processing /opt/airflow/dags/build_elt_with_dbt.py took 1.376 seconds
[2024-11-14T03:17:30.702+0000] {processor.py:161} INFO - Started process (PID=452) to work on /opt/airflow/dags/build_elt_with_dbt.py
[2024-11-14T03:17:30.705+0000] {processor.py:830} INFO - Processing file /opt/airflow/dags/build_elt_with_dbt.py for tasks to queue
[2024-11-14T03:17:30.709+0000] {logging_mixin.py:188} INFO - [2024-11-14T03:17:30.708+0000] {dagbag.py:545} INFO - Filling up the DagBag from /opt/airflow/dags/build_elt_with_dbt.py
[2024-11-14T03:17:30.803+0000] {logging_mixin.py:188} INFO - [2024-11-14T03:17:30.803+0000] {base.py:84} INFO - Using connection ID 'snowflake_conn' for task execution.
[2024-11-14T03:17:30.815+0000] {processor.py:840} INFO - DAG(s) 'BuildELT_dbt' retrieved from /opt/airflow/dags/build_elt_with_dbt.py
[2024-11-14T03:17:30.846+0000] {logging_mixin.py:188} INFO - [2024-11-14T03:17:30.845+0000] {dag.py:3096} INFO - Sync 1 DAGs
[2024-11-14T03:17:30.867+0000] {logging_mixin.py:188} INFO - [2024-11-14T03:17:30.867+0000] {dag.py:3954} INFO - Setting next_dagrun for BuildELT_dbt to None, run_after=None
[2024-11-14T03:17:30.914+0000] {processor.py:183} INFO - Processing /opt/airflow/dags/build_elt_with_dbt.py took 0.223 seconds
[2024-11-14T03:18:01.226+0000] {processor.py:161} INFO - Started process (PID=475) to work on /opt/airflow/dags/build_elt_with_dbt.py
[2024-11-14T03:18:01.231+0000] {processor.py:830} INFO - Processing file /opt/airflow/dags/build_elt_with_dbt.py for tasks to queue
[2024-11-14T03:18:01.252+0000] {logging_mixin.py:188} INFO - [2024-11-14T03:18:01.249+0000] {dagbag.py:545} INFO - Filling up the DagBag from /opt/airflow/dags/build_elt_with_dbt.py
[2024-11-14T03:18:01.351+0000] {logging_mixin.py:188} INFO - [2024-11-14T03:18:01.351+0000] {base.py:84} INFO - Using connection ID 'snowflake_conn' for task execution.
[2024-11-14T03:18:01.448+0000] {processor.py:840} INFO - DAG(s) 'BuildELT_dbt' retrieved from /opt/airflow/dags/build_elt_with_dbt.py
[2024-11-14T03:18:01.619+0000] {logging_mixin.py:188} INFO - [2024-11-14T03:18:01.619+0000] {dag.py:3096} INFO - Sync 1 DAGs
[2024-11-14T03:18:01.723+0000] {logging_mixin.py:188} INFO - [2024-11-14T03:18:01.723+0000] {dag.py:3954} INFO - Setting next_dagrun for BuildELT_dbt to None, run_after=None
[2024-11-14T03:18:01.787+0000] {processor.py:183} INFO - Processing /opt/airflow/dags/build_elt_with_dbt.py took 0.648 seconds
[2024-11-14T03:18:32.292+0000] {processor.py:161} INFO - Started process (PID=539) to work on /opt/airflow/dags/build_elt_with_dbt.py
[2024-11-14T03:18:32.295+0000] {processor.py:830} INFO - Processing file /opt/airflow/dags/build_elt_with_dbt.py for tasks to queue
[2024-11-14T03:18:32.298+0000] {logging_mixin.py:188} INFO - [2024-11-14T03:18:32.297+0000] {dagbag.py:545} INFO - Filling up the DagBag from /opt/airflow/dags/build_elt_with_dbt.py
[2024-11-14T03:18:32.331+0000] {logging_mixin.py:188} INFO - [2024-11-14T03:18:32.331+0000] {base.py:84} INFO - Using connection ID 'snowflake_conn' for task execution.
[2024-11-14T03:18:32.339+0000] {processor.py:840} INFO - DAG(s) 'BuildELT_dbt' retrieved from /opt/airflow/dags/build_elt_with_dbt.py
[2024-11-14T03:18:32.504+0000] {logging_mixin.py:188} INFO - [2024-11-14T03:18:32.503+0000] {dag.py:3096} INFO - Sync 1 DAGs
[2024-11-14T03:18:32.573+0000] {logging_mixin.py:188} INFO - [2024-11-14T03:18:32.572+0000] {dag.py:3954} INFO - Setting next_dagrun for BuildELT_dbt to None, run_after=None
[2024-11-14T03:18:32.616+0000] {processor.py:183} INFO - Processing /opt/airflow/dags/build_elt_with_dbt.py took 0.332 seconds
[2024-11-14T03:19:02.812+0000] {processor.py:161} INFO - Started process (PID=551) to work on /opt/airflow/dags/build_elt_with_dbt.py
[2024-11-14T03:19:02.814+0000] {processor.py:830} INFO - Processing file /opt/airflow/dags/build_elt_with_dbt.py for tasks to queue
[2024-11-14T03:19:02.820+0000] {logging_mixin.py:188} INFO - [2024-11-14T03:19:02.819+0000] {dagbag.py:545} INFO - Filling up the DagBag from /opt/airflow/dags/build_elt_with_dbt.py
[2024-11-14T03:19:02.885+0000] {logging_mixin.py:188} INFO - [2024-11-14T03:19:02.885+0000] {base.py:84} INFO - Using connection ID 'snowflake_conn' for task execution.
[2024-11-14T03:19:02.912+0000] {processor.py:840} INFO - DAG(s) 'BuildELT_dbt' retrieved from /opt/airflow/dags/build_elt_with_dbt.py
[2024-11-14T03:19:02.937+0000] {logging_mixin.py:188} INFO - [2024-11-14T03:19:02.937+0000] {dag.py:3096} INFO - Sync 1 DAGs
[2024-11-14T03:19:02.956+0000] {logging_mixin.py:188} INFO - [2024-11-14T03:19:02.956+0000] {dag.py:3954} INFO - Setting next_dagrun for BuildELT_dbt to None, run_after=None
[2024-11-14T03:19:02.987+0000] {processor.py:183} INFO - Processing /opt/airflow/dags/build_elt_with_dbt.py took 0.197 seconds
[2024-11-14T03:19:33.227+0000] {processor.py:161} INFO - Started process (PID=562) to work on /opt/airflow/dags/build_elt_with_dbt.py
[2024-11-14T03:19:33.229+0000] {processor.py:830} INFO - Processing file /opt/airflow/dags/build_elt_with_dbt.py for tasks to queue
[2024-11-14T03:19:33.231+0000] {logging_mixin.py:188} INFO - [2024-11-14T03:19:33.231+0000] {dagbag.py:545} INFO - Filling up the DagBag from /opt/airflow/dags/build_elt_with_dbt.py
[2024-11-14T03:19:33.288+0000] {logging_mixin.py:188} INFO - [2024-11-14T03:19:33.287+0000] {base.py:84} INFO - Using connection ID 'snowflake_conn' for task execution.
[2024-11-14T03:19:33.306+0000] {processor.py:840} INFO - DAG(s) 'BuildELT_dbt' retrieved from /opt/airflow/dags/build_elt_with_dbt.py
[2024-11-14T03:19:33.352+0000] {logging_mixin.py:188} INFO - [2024-11-14T03:19:33.352+0000] {dag.py:3096} INFO - Sync 1 DAGs
[2024-11-14T03:19:33.378+0000] {logging_mixin.py:188} INFO - [2024-11-14T03:19:33.378+0000] {dag.py:3954} INFO - Setting next_dagrun for BuildELT_dbt to None, run_after=None
[2024-11-14T03:19:33.415+0000] {processor.py:183} INFO - Processing /opt/airflow/dags/build_elt_with_dbt.py took 0.200 seconds
[2024-11-14T03:20:03.618+0000] {processor.py:161} INFO - Started process (PID=573) to work on /opt/airflow/dags/build_elt_with_dbt.py
[2024-11-14T03:20:03.620+0000] {processor.py:830} INFO - Processing file /opt/airflow/dags/build_elt_with_dbt.py for tasks to queue
[2024-11-14T03:20:03.624+0000] {logging_mixin.py:188} INFO - [2024-11-14T03:20:03.624+0000] {dagbag.py:545} INFO - Filling up the DagBag from /opt/airflow/dags/build_elt_with_dbt.py
[2024-11-14T03:20:03.696+0000] {logging_mixin.py:188} INFO - [2024-11-14T03:20:03.696+0000] {base.py:84} INFO - Using connection ID 'snowflake_conn' for task execution.
[2024-11-14T03:20:03.708+0000] {processor.py:840} INFO - DAG(s) 'BuildELT_dbt' retrieved from /opt/airflow/dags/build_elt_with_dbt.py
[2024-11-14T03:20:03.737+0000] {logging_mixin.py:188} INFO - [2024-11-14T03:20:03.736+0000] {dag.py:3096} INFO - Sync 1 DAGs
[2024-11-14T03:20:03.757+0000] {logging_mixin.py:188} INFO - [2024-11-14T03:20:03.756+0000] {dag.py:3954} INFO - Setting next_dagrun for BuildELT_dbt to None, run_after=None
[2024-11-14T03:20:03.797+0000] {processor.py:183} INFO - Processing /opt/airflow/dags/build_elt_with_dbt.py took 0.187 seconds
[2024-11-14T03:20:34.001+0000] {processor.py:161} INFO - Started process (PID=584) to work on /opt/airflow/dags/build_elt_with_dbt.py
[2024-11-14T03:20:34.003+0000] {processor.py:830} INFO - Processing file /opt/airflow/dags/build_elt_with_dbt.py for tasks to queue
[2024-11-14T03:20:34.007+0000] {logging_mixin.py:188} INFO - [2024-11-14T03:20:34.006+0000] {dagbag.py:545} INFO - Filling up the DagBag from /opt/airflow/dags/build_elt_with_dbt.py
[2024-11-14T03:20:34.051+0000] {logging_mixin.py:188} INFO - [2024-11-14T03:20:34.051+0000] {base.py:84} INFO - Using connection ID 'snowflake_conn' for task execution.
[2024-11-14T03:20:34.059+0000] {processor.py:840} INFO - DAG(s) 'BuildELT_dbt' retrieved from /opt/airflow/dags/build_elt_with_dbt.py
[2024-11-14T03:20:34.081+0000] {logging_mixin.py:188} INFO - [2024-11-14T03:20:34.080+0000] {dag.py:3096} INFO - Sync 1 DAGs
[2024-11-14T03:20:34.096+0000] {logging_mixin.py:188} INFO - [2024-11-14T03:20:34.096+0000] {dag.py:3954} INFO - Setting next_dagrun for BuildELT_dbt to None, run_after=None
[2024-11-14T03:20:34.120+0000] {processor.py:183} INFO - Processing /opt/airflow/dags/build_elt_with_dbt.py took 0.134 seconds
[2024-11-14T03:21:04.453+0000] {processor.py:161} INFO - Started process (PID=595) to work on /opt/airflow/dags/build_elt_with_dbt.py
[2024-11-14T03:21:04.455+0000] {processor.py:830} INFO - Processing file /opt/airflow/dags/build_elt_with_dbt.py for tasks to queue
[2024-11-14T03:21:04.457+0000] {logging_mixin.py:188} INFO - [2024-11-14T03:21:04.457+0000] {dagbag.py:545} INFO - Filling up the DagBag from /opt/airflow/dags/build_elt_with_dbt.py
[2024-11-14T03:21:04.519+0000] {logging_mixin.py:188} INFO - [2024-11-14T03:21:04.519+0000] {base.py:84} INFO - Using connection ID 'snowflake_conn' for task execution.
[2024-11-14T03:21:04.527+0000] {processor.py:840} INFO - DAG(s) 'BuildELT_dbt' retrieved from /opt/airflow/dags/build_elt_with_dbt.py
[2024-11-14T03:21:04.553+0000] {logging_mixin.py:188} INFO - [2024-11-14T03:21:04.552+0000] {dag.py:3096} INFO - Sync 1 DAGs
[2024-11-14T03:21:04.579+0000] {logging_mixin.py:188} INFO - [2024-11-14T03:21:04.579+0000] {dag.py:3954} INFO - Setting next_dagrun for BuildELT_dbt to None, run_after=None
[2024-11-14T03:21:04.620+0000] {processor.py:183} INFO - Processing /opt/airflow/dags/build_elt_with_dbt.py took 0.173 seconds
[2024-11-14T03:21:34.762+0000] {processor.py:161} INFO - Started process (PID=606) to work on /opt/airflow/dags/build_elt_with_dbt.py
[2024-11-14T03:21:34.764+0000] {processor.py:830} INFO - Processing file /opt/airflow/dags/build_elt_with_dbt.py for tasks to queue
[2024-11-14T03:21:34.766+0000] {logging_mixin.py:188} INFO - [2024-11-14T03:21:34.766+0000] {dagbag.py:545} INFO - Filling up the DagBag from /opt/airflow/dags/build_elt_with_dbt.py
[2024-11-14T03:21:34.848+0000] {logging_mixin.py:188} INFO - [2024-11-14T03:21:34.848+0000] {base.py:84} INFO - Using connection ID 'snowflake_conn' for task execution.
[2024-11-14T03:21:34.859+0000] {processor.py:840} INFO - DAG(s) 'BuildELT_dbt' retrieved from /opt/airflow/dags/build_elt_with_dbt.py
[2024-11-14T03:21:34.880+0000] {logging_mixin.py:188} INFO - [2024-11-14T03:21:34.880+0000] {dag.py:3096} INFO - Sync 1 DAGs
[2024-11-14T03:21:34.905+0000] {logging_mixin.py:188} INFO - [2024-11-14T03:21:34.905+0000] {dag.py:3954} INFO - Setting next_dagrun for BuildELT_dbt to None, run_after=None
[2024-11-14T03:21:34.933+0000] {processor.py:183} INFO - Processing /opt/airflow/dags/build_elt_with_dbt.py took 0.180 seconds
[2024-11-14T03:22:05.187+0000] {processor.py:161} INFO - Started process (PID=655) to work on /opt/airflow/dags/build_elt_with_dbt.py
[2024-11-14T03:22:05.190+0000] {processor.py:830} INFO - Processing file /opt/airflow/dags/build_elt_with_dbt.py for tasks to queue
[2024-11-14T03:22:05.193+0000] {logging_mixin.py:188} INFO - [2024-11-14T03:22:05.192+0000] {dagbag.py:545} INFO - Filling up the DagBag from /opt/airflow/dags/build_elt_with_dbt.py
[2024-11-14T03:22:05.245+0000] {logging_mixin.py:188} INFO - [2024-11-14T03:22:05.245+0000] {base.py:84} INFO - Using connection ID 'snowflake_conn' for task execution.
[2024-11-14T03:22:05.256+0000] {processor.py:840} INFO - DAG(s) 'BuildELT_dbt' retrieved from /opt/airflow/dags/build_elt_with_dbt.py
[2024-11-14T03:22:05.280+0000] {logging_mixin.py:188} INFO - [2024-11-14T03:22:05.280+0000] {dag.py:3096} INFO - Sync 1 DAGs
[2024-11-14T03:22:05.300+0000] {logging_mixin.py:188} INFO - [2024-11-14T03:22:05.300+0000] {dag.py:3954} INFO - Setting next_dagrun for BuildELT_dbt to None, run_after=None
[2024-11-14T03:22:05.328+0000] {processor.py:183} INFO - Processing /opt/airflow/dags/build_elt_with_dbt.py took 0.150 seconds
[2024-11-14T03:22:35.464+0000] {processor.py:161} INFO - Started process (PID=684) to work on /opt/airflow/dags/build_elt_with_dbt.py
[2024-11-14T03:22:35.466+0000] {processor.py:830} INFO - Processing file /opt/airflow/dags/build_elt_with_dbt.py for tasks to queue
[2024-11-14T03:22:35.468+0000] {logging_mixin.py:188} INFO - [2024-11-14T03:22:35.468+0000] {dagbag.py:545} INFO - Filling up the DagBag from /opt/airflow/dags/build_elt_with_dbt.py
[2024-11-14T03:22:35.535+0000] {logging_mixin.py:188} INFO - [2024-11-14T03:22:35.534+0000] {base.py:84} INFO - Using connection ID 'snowflake_conn' for task execution.
[2024-11-14T03:22:35.544+0000] {processor.py:840} INFO - DAG(s) 'BuildELT_dbt' retrieved from /opt/airflow/dags/build_elt_with_dbt.py
[2024-11-14T03:22:35.569+0000] {logging_mixin.py:188} INFO - [2024-11-14T03:22:35.569+0000] {dag.py:3096} INFO - Sync 1 DAGs
[2024-11-14T03:22:35.587+0000] {logging_mixin.py:188} INFO - [2024-11-14T03:22:35.587+0000] {dag.py:3954} INFO - Setting next_dagrun for BuildELT_dbt to None, run_after=None
[2024-11-14T03:22:35.622+0000] {processor.py:183} INFO - Processing /opt/airflow/dags/build_elt_with_dbt.py took 0.165 seconds
[2024-11-14T03:23:05.994+0000] {processor.py:161} INFO - Started process (PID=695) to work on /opt/airflow/dags/build_elt_with_dbt.py
[2024-11-14T03:23:05.996+0000] {processor.py:830} INFO - Processing file /opt/airflow/dags/build_elt_with_dbt.py for tasks to queue
[2024-11-14T03:23:06.000+0000] {logging_mixin.py:188} INFO - [2024-11-14T03:23:05.999+0000] {dagbag.py:545} INFO - Filling up the DagBag from /opt/airflow/dags/build_elt_with_dbt.py
[2024-11-14T03:23:06.061+0000] {logging_mixin.py:188} INFO - [2024-11-14T03:23:06.061+0000] {base.py:84} INFO - Using connection ID 'snowflake_conn' for task execution.
[2024-11-14T03:23:06.071+0000] {processor.py:840} INFO - DAG(s) 'BuildELT_dbt' retrieved from /opt/airflow/dags/build_elt_with_dbt.py
[2024-11-14T03:23:06.098+0000] {logging_mixin.py:188} INFO - [2024-11-14T03:23:06.097+0000] {dag.py:3096} INFO - Sync 1 DAGs
[2024-11-14T03:23:06.118+0000] {logging_mixin.py:188} INFO - [2024-11-14T03:23:06.118+0000] {dag.py:3954} INFO - Setting next_dagrun for BuildELT_dbt to None, run_after=None
[2024-11-14T03:23:06.177+0000] {processor.py:183} INFO - Processing /opt/airflow/dags/build_elt_with_dbt.py took 0.193 seconds
[2024-11-14T03:23:36.297+0000] {processor.py:161} INFO - Started process (PID=706) to work on /opt/airflow/dags/build_elt_with_dbt.py
[2024-11-14T03:23:36.299+0000] {processor.py:830} INFO - Processing file /opt/airflow/dags/build_elt_with_dbt.py for tasks to queue
[2024-11-14T03:23:36.302+0000] {logging_mixin.py:188} INFO - [2024-11-14T03:23:36.302+0000] {dagbag.py:545} INFO - Filling up the DagBag from /opt/airflow/dags/build_elt_with_dbt.py
[2024-11-14T03:23:36.371+0000] {logging_mixin.py:188} INFO - [2024-11-14T03:23:36.371+0000] {base.py:84} INFO - Using connection ID 'snowflake_conn' for task execution.
[2024-11-14T03:23:36.385+0000] {processor.py:840} INFO - DAG(s) 'BuildELT_dbt' retrieved from /opt/airflow/dags/build_elt_with_dbt.py
[2024-11-14T03:23:36.419+0000] {logging_mixin.py:188} INFO - [2024-11-14T03:23:36.419+0000] {dag.py:3096} INFO - Sync 1 DAGs
[2024-11-14T03:23:36.442+0000] {logging_mixin.py:188} INFO - [2024-11-14T03:23:36.442+0000] {dag.py:3954} INFO - Setting next_dagrun for BuildELT_dbt to None, run_after=None
[2024-11-14T03:23:36.478+0000] {processor.py:183} INFO - Processing /opt/airflow/dags/build_elt_with_dbt.py took 0.191 seconds
[2024-11-14T03:24:06.554+0000] {processor.py:161} INFO - Started process (PID=717) to work on /opt/airflow/dags/build_elt_with_dbt.py
[2024-11-14T03:24:06.555+0000] {processor.py:830} INFO - Processing file /opt/airflow/dags/build_elt_with_dbt.py for tasks to queue
[2024-11-14T03:24:06.559+0000] {logging_mixin.py:188} INFO - [2024-11-14T03:24:06.558+0000] {dagbag.py:545} INFO - Filling up the DagBag from /opt/airflow/dags/build_elt_with_dbt.py
[2024-11-14T03:24:06.602+0000] {logging_mixin.py:188} INFO - [2024-11-14T03:24:06.602+0000] {base.py:84} INFO - Using connection ID 'snowflake_conn' for task execution.
[2024-11-14T03:24:06.612+0000] {processor.py:840} INFO - DAG(s) 'BuildELT_dbt' retrieved from /opt/airflow/dags/build_elt_with_dbt.py
[2024-11-14T03:24:06.647+0000] {logging_mixin.py:188} INFO - [2024-11-14T03:24:06.646+0000] {dag.py:3096} INFO - Sync 1 DAGs
[2024-11-14T03:24:06.664+0000] {logging_mixin.py:188} INFO - [2024-11-14T03:24:06.664+0000] {dag.py:3954} INFO - Setting next_dagrun for BuildELT_dbt to None, run_after=None
[2024-11-14T03:24:06.697+0000] {processor.py:183} INFO - Processing /opt/airflow/dags/build_elt_with_dbt.py took 0.152 seconds
[2024-11-14T03:24:36.827+0000] {processor.py:161} INFO - Started process (PID=777) to work on /opt/airflow/dags/build_elt_with_dbt.py
[2024-11-14T03:24:36.829+0000] {processor.py:830} INFO - Processing file /opt/airflow/dags/build_elt_with_dbt.py for tasks to queue
[2024-11-14T03:24:36.832+0000] {logging_mixin.py:188} INFO - [2024-11-14T03:24:36.832+0000] {dagbag.py:545} INFO - Filling up the DagBag from /opt/airflow/dags/build_elt_with_dbt.py
[2024-11-14T03:24:36.885+0000] {logging_mixin.py:188} INFO - [2024-11-14T03:24:36.885+0000] {base.py:84} INFO - Using connection ID 'snowflake_conn' for task execution.
[2024-11-14T03:24:36.895+0000] {processor.py:840} INFO - DAG(s) 'BuildELT_dbt' retrieved from /opt/airflow/dags/build_elt_with_dbt.py
[2024-11-14T03:24:36.921+0000] {logging_mixin.py:188} INFO - [2024-11-14T03:24:36.920+0000] {dag.py:3096} INFO - Sync 1 DAGs
[2024-11-14T03:24:36.940+0000] {logging_mixin.py:188} INFO - [2024-11-14T03:24:36.940+0000] {dag.py:3954} INFO - Setting next_dagrun for BuildELT_dbt to None, run_after=None
[2024-11-14T03:24:36.967+0000] {processor.py:183} INFO - Processing /opt/airflow/dags/build_elt_with_dbt.py took 0.149 seconds
[2024-11-14T03:25:07.282+0000] {processor.py:161} INFO - Started process (PID=795) to work on /opt/airflow/dags/build_elt_with_dbt.py
[2024-11-14T03:25:07.283+0000] {processor.py:830} INFO - Processing file /opt/airflow/dags/build_elt_with_dbt.py for tasks to queue
[2024-11-14T03:25:07.286+0000] {logging_mixin.py:188} INFO - [2024-11-14T03:25:07.286+0000] {dagbag.py:545} INFO - Filling up the DagBag from /opt/airflow/dags/build_elt_with_dbt.py
[2024-11-14T03:25:07.354+0000] {logging_mixin.py:188} INFO - [2024-11-14T03:25:07.354+0000] {base.py:84} INFO - Using connection ID 'snowflake_conn' for task execution.
[2024-11-14T03:25:07.371+0000] {processor.py:840} INFO - DAG(s) 'BuildELT_dbt' retrieved from /opt/airflow/dags/build_elt_with_dbt.py
[2024-11-14T03:25:07.396+0000] {logging_mixin.py:188} INFO - [2024-11-14T03:25:07.396+0000] {dag.py:3096} INFO - Sync 1 DAGs
[2024-11-14T03:25:07.413+0000] {logging_mixin.py:188} INFO - [2024-11-14T03:25:07.413+0000] {dag.py:3954} INFO - Setting next_dagrun for BuildELT_dbt to None, run_after=None
[2024-11-14T03:25:07.440+0000] {processor.py:183} INFO - Processing /opt/airflow/dags/build_elt_with_dbt.py took 0.164 seconds
[2024-11-14T03:25:37.597+0000] {processor.py:161} INFO - Started process (PID=806) to work on /opt/airflow/dags/build_elt_with_dbt.py
[2024-11-14T03:25:37.599+0000] {processor.py:830} INFO - Processing file /opt/airflow/dags/build_elt_with_dbt.py for tasks to queue
[2024-11-14T03:25:37.602+0000] {logging_mixin.py:188} INFO - [2024-11-14T03:25:37.601+0000] {dagbag.py:545} INFO - Filling up the DagBag from /opt/airflow/dags/build_elt_with_dbt.py
[2024-11-14T03:25:37.668+0000] {logging_mixin.py:188} INFO - [2024-11-14T03:25:37.668+0000] {base.py:84} INFO - Using connection ID 'snowflake_conn' for task execution.
[2024-11-14T03:25:37.676+0000] {processor.py:840} INFO - DAG(s) 'BuildELT_dbt' retrieved from /opt/airflow/dags/build_elt_with_dbt.py
[2024-11-14T03:25:37.699+0000] {logging_mixin.py:188} INFO - [2024-11-14T03:25:37.699+0000] {dag.py:3096} INFO - Sync 1 DAGs
[2024-11-14T03:25:37.715+0000] {logging_mixin.py:188} INFO - [2024-11-14T03:25:37.715+0000] {dag.py:3954} INFO - Setting next_dagrun for BuildELT_dbt to None, run_after=None
[2024-11-14T03:25:37.745+0000] {processor.py:183} INFO - Processing /opt/airflow/dags/build_elt_with_dbt.py took 0.154 seconds
