[2024-11-14T02:49:09.008+0000] {manager.py:470} INFO - Processing files using up to 2 processes at a time 
[2024-11-14T02:49:09.010+0000] {manager.py:471} INFO - Process each file at most once every 30 seconds
[2024-11-14T02:49:09.011+0000] {manager.py:472} INFO - Checking for new files in /opt/airflow/dags every 300 seconds
[2024-11-14T02:49:09.012+0000] {manager.py:737} INFO - Searching for files in /opt/airflow/dags
[2024-11-14T02:49:09.016+0000] {manager.py:740} INFO - There are 0 files in /opt/airflow/dags
[2024-11-14T03:02:30.799+0000] {manager.py:470} INFO - Processing files using up to 2 processes at a time 
[2024-11-14T03:02:30.802+0000] {manager.py:471} INFO - Process each file at most once every 30 seconds
[2024-11-14T03:02:30.807+0000] {manager.py:472} INFO - Checking for new files in /opt/airflow/dags every 300 seconds
[2024-11-14T03:02:30.809+0000] {manager.py:737} INFO - Searching for files in /opt/airflow/dags
[2024-11-14T03:02:30.827+0000] {manager.py:740} INFO - There are 1 files in /opt/airflow/dags
[2024-11-14T03:02:31.003+0000] {manager.py:878} INFO - 
================================================================================
DAG File Processing Stats

File Path                                  PID  Runtime      # DAGs    # Errors  Last Runtime    Last Run
---------------------------------------  -----  ---------  --------  ----------  --------------  ----------
/opt/airflow/dags/build_elt_with_dbt.py    331  0.10s             0           0
================================================================================
[2024-11-14T03:03:01.396+0000] {manager.py:878} INFO - 
================================================================================
DAG File Processing Stats

File Path                                  PID  Runtime      # DAGs    # Errors  Last Runtime    Last Run
---------------------------------------  -----  ---------  --------  ----------  --------------  -------------------
/opt/airflow/dags/build_elt_with_dbt.py    357  0.04s             0           1  0.16s           2024-11-14T03:02:31
================================================================================
[2024-11-14T03:03:31.694+0000] {manager.py:878} INFO - 
================================================================================
DAG File Processing Stats

File Path                                PID    Runtime      # DAGs    # Errors  Last Runtime    Last Run
---------------------------------------  -----  ---------  --------  ----------  --------------  -------------------
/opt/airflow/dags/build_elt_with_dbt.py                           0           1  0.46s           2024-11-14T03:03:01
================================================================================
[2024-11-14T03:12:55.586+0000] {manager.py:470} INFO - Processing files using up to 2 processes at a time 
[2024-11-14T03:12:55.587+0000] {manager.py:471} INFO - Process each file at most once every 30 seconds
[2024-11-14T03:12:55.588+0000] {manager.py:472} INFO - Checking for new files in /opt/airflow/dags every 300 seconds
[2024-11-14T03:12:55.590+0000] {manager.py:737} INFO - Searching for files in /opt/airflow/dags
[2024-11-14T03:12:55.611+0000] {manager.py:740} INFO - There are 1 files in /opt/airflow/dags
[2024-11-14T03:12:55.728+0000] {manager.py:878} INFO - 
================================================================================
DAG File Processing Stats

File Path                                  PID  Runtime      # DAGs    # Errors  Last Runtime    Last Run
---------------------------------------  -----  ---------  --------  ----------  --------------  ----------
/opt/airflow/dags/build_elt_with_dbt.py    332  0.06s             0           0
================================================================================
[2024-11-14T03:13:26.103+0000] {manager.py:878} INFO - 
================================================================================
DAG File Processing Stats

File Path                                  PID  Runtime      # DAGs    # Errors  Last Runtime    Last Run
---------------------------------------  -----  ---------  --------  ----------  --------------  -------------------
/opt/airflow/dags/build_elt_with_dbt.py    362  0.04s             0           1  0.11s           2024-11-14T03:12:55
================================================================================
[2024-11-14T03:13:56.418+0000] {manager.py:878} INFO - 
================================================================================
DAG File Processing Stats

File Path                                  PID  Runtime      # DAGs    # Errors  Last Runtime    Last Run
---------------------------------------  -----  ---------  --------  ----------  --------------  -------------------
/opt/airflow/dags/build_elt_with_dbt.py    373  0.01s             0           1  0.31s           2024-11-14T03:13:26
================================================================================
[2024-11-14T03:14:26.728+0000] {manager.py:878} INFO - 
================================================================================
DAG File Processing Stats

File Path                                  PID  Runtime      # DAGs    # Errors  Last Runtime    Last Run
---------------------------------------  -----  ---------  --------  ----------  --------------  -------------------
/opt/airflow/dags/build_elt_with_dbt.py    384  0.01s             0           1  0.15s           2024-11-14T03:13:56
================================================================================
[2024-11-14T03:14:57.196+0000] {manager.py:878} INFO - 
================================================================================
DAG File Processing Stats

File Path                                  PID  Runtime      # DAGs    # Errors  Last Runtime    Last Run
---------------------------------------  -----  ---------  --------  ----------  --------------  -------------------
/opt/airflow/dags/build_elt_with_dbt.py    397  0.06s             0           1  0.19s           2024-11-14T03:14:26
================================================================================
[2024-11-14T03:15:27.510+0000] {manager.py:878} INFO - 
================================================================================
DAG File Processing Stats

File Path                                PID    Runtime      # DAGs    # Errors  Last Runtime    Last Run
---------------------------------------  -----  ---------  --------  ----------  --------------  -------------------
/opt/airflow/dags/build_elt_with_dbt.py                           0           1  0.49s           2024-11-14T03:14:57
================================================================================
[2024-11-14T03:15:58.240+0000] {manager.py:878} INFO - 
================================================================================
DAG File Processing Stats

File Path                                  PID  Runtime      # DAGs    # Errors  Last Runtime    Last Run
---------------------------------------  -----  ---------  --------  ----------  --------------  -------------------
/opt/airflow/dags/build_elt_with_dbt.py    419  0.01s             0           1  0.16s           2024-11-14T03:15:28
================================================================================
[2024-11-14T03:16:28.602+0000] {manager.py:878} INFO - 
================================================================================
DAG File Processing Stats

File Path                                  PID  Runtime      # DAGs    # Errors  Last Runtime    Last Run
---------------------------------------  -----  ---------  --------  ----------  --------------  -------------------
/opt/airflow/dags/build_elt_with_dbt.py    430  0.00s             0           1  0.18s           2024-11-14T03:15:58
================================================================================
[2024-11-14T03:16:58.927+0000] {manager.py:878} INFO - 
================================================================================
DAG File Processing Stats

File Path                                  PID  Runtime      # DAGs    # Errors  Last Runtime    Last Run
---------------------------------------  -----  ---------  --------  ----------  --------------  -------------------
/opt/airflow/dags/build_elt_with_dbt.py    441  0.00s             0           1  0.18s           2024-11-14T03:16:28
================================================================================
[2024-11-14T03:17:29.268+0000] {manager.py:878} INFO - 
================================================================================
DAG File Processing Stats

File Path                                PID    Runtime      # DAGs    # Errors  Last Runtime    Last Run
---------------------------------------  -----  ---------  --------  ----------  --------------  -------------------
/opt/airflow/dags/build_elt_with_dbt.py                           1           0  1.43s           2024-11-14T03:17:00
================================================================================
[2024-11-14T03:17:55.804+0000] {manager.py:737} INFO - Searching for files in /opt/airflow/dags
[2024-11-14T03:17:55.878+0000] {manager.py:740} INFO - There are 1 files in /opt/airflow/dags
[2024-11-14T03:18:00.007+0000] {manager.py:878} INFO - 
================================================================================
DAG File Processing Stats

File Path                                PID    Runtime      # DAGs    # Errors  Last Runtime    Last Run
---------------------------------------  -----  ---------  --------  ----------  --------------  -------------------
/opt/airflow/dags/build_elt_with_dbt.py                           1           0  0.30s           2024-11-14T03:17:30
================================================================================
[2024-11-14T03:18:30.187+0000] {manager.py:878} INFO - 
================================================================================
DAG File Processing Stats

File Path                                PID    Runtime      # DAGs    # Errors  Last Runtime    Last Run
---------------------------------------  -----  ---------  --------  ----------  --------------  -------------------
/opt/airflow/dags/build_elt_with_dbt.py                           1           0  0.93s           2024-11-14T03:18:01
================================================================================
[2024-11-14T03:19:00.698+0000] {manager.py:878} INFO - 
================================================================================
DAG File Processing Stats

File Path                                PID    Runtime      # DAGs    # Errors  Last Runtime    Last Run
---------------------------------------  -----  ---------  --------  ----------  --------------  -------------------
/opt/airflow/dags/build_elt_with_dbt.py                           1           0  0.39s           2024-11-14T03:18:32
================================================================================
[2024-11-14T03:19:31.107+0000] {manager.py:878} INFO - 
================================================================================
DAG File Processing Stats

File Path                                PID    Runtime      # DAGs    # Errors  Last Runtime    Last Run
---------------------------------------  -----  ---------  --------  ----------  --------------  -------------------
/opt/airflow/dags/build_elt_with_dbt.py                           1           0  0.25s           2024-11-14T03:19:02
================================================================================
[2024-11-14T03:20:01.514+0000] {manager.py:878} INFO - 
================================================================================
DAG File Processing Stats

File Path                                PID    Runtime      # DAGs    # Errors  Last Runtime    Last Run
---------------------------------------  -----  ---------  --------  ----------  --------------  -------------------
/opt/airflow/dags/build_elt_with_dbt.py                           1           0  0.27s           2024-11-14T03:19:33
================================================================================
[2024-11-14T03:20:31.924+0000] {manager.py:878} INFO - 
================================================================================
DAG File Processing Stats

File Path                                PID    Runtime      # DAGs    # Errors  Last Runtime    Last Run
---------------------------------------  -----  ---------  --------  ----------  --------------  -------------------
/opt/airflow/dags/build_elt_with_dbt.py                           1           0  0.25s           2024-11-14T03:20:03
================================================================================
[2024-11-14T03:21:02.354+0000] {manager.py:878} INFO - 
================================================================================
DAG File Processing Stats

File Path                                PID    Runtime      # DAGs    # Errors  Last Runtime    Last Run
---------------------------------------  -----  ---------  --------  ----------  --------------  -------------------
/opt/airflow/dags/build_elt_with_dbt.py                           1           0  0.17s           2024-11-14T03:20:34
================================================================================
[2024-11-14T03:21:32.664+0000] {manager.py:878} INFO - 
================================================================================
DAG File Processing Stats

File Path                                PID    Runtime      # DAGs    # Errors  Last Runtime    Last Run
---------------------------------------  -----  ---------  --------  ----------  --------------  -------------------
/opt/airflow/dags/build_elt_with_dbt.py                           1           0  0.23s           2024-11-14T03:21:04
================================================================================
[2024-11-14T03:22:03.094+0000] {manager.py:878} INFO - 
================================================================================
DAG File Processing Stats

File Path                                PID    Runtime      # DAGs    # Errors  Last Runtime    Last Run
---------------------------------------  -----  ---------  --------  ----------  --------------  -------------------
/opt/airflow/dags/build_elt_with_dbt.py                           1           0  0.24s           2024-11-14T03:21:34
================================================================================
[2024-11-14T03:22:33.367+0000] {manager.py:878} INFO - 
================================================================================
DAG File Processing Stats

File Path                                PID    Runtime      # DAGs    # Errors  Last Runtime    Last Run
---------------------------------------  -----  ---------  --------  ----------  --------------  -------------------
/opt/airflow/dags/build_elt_with_dbt.py                           1           0  0.21s           2024-11-14T03:22:05
================================================================================
[2024-11-14T03:22:56.740+0000] {manager.py:737} INFO - Searching for files in /opt/airflow/dags
[2024-11-14T03:22:56.800+0000] {manager.py:740} INFO - There are 1 files in /opt/airflow/dags
[2024-11-14T03:23:03.897+0000] {manager.py:878} INFO - 
================================================================================
DAG File Processing Stats

File Path                                PID    Runtime      # DAGs    # Errors  Last Runtime    Last Run
---------------------------------------  -----  ---------  --------  ----------  --------------  -------------------
/opt/airflow/dags/build_elt_with_dbt.py                           1           0  0.22s           2024-11-14T03:22:35
================================================================================
[2024-11-14T03:23:34.179+0000] {manager.py:878} INFO - 
================================================================================
DAG File Processing Stats

File Path                                PID    Runtime      # DAGs    # Errors  Last Runtime    Last Run
---------------------------------------  -----  ---------  --------  ----------  --------------  -------------------
/opt/airflow/dags/build_elt_with_dbt.py                           1           0  0.25s           2024-11-14T03:23:06
================================================================================
[2024-11-14T03:24:04.483+0000] {manager.py:878} INFO - 
================================================================================
DAG File Processing Stats

File Path                                PID    Runtime      # DAGs    # Errors  Last Runtime    Last Run
---------------------------------------  -----  ---------  --------  ----------  --------------  -------------------
/opt/airflow/dags/build_elt_with_dbt.py                           1           0  0.26s           2024-11-14T03:23:36
================================================================================
[2024-11-14T03:24:34.742+0000] {manager.py:878} INFO - 
================================================================================
DAG File Processing Stats

File Path                                PID    Runtime      # DAGs    # Errors  Last Runtime    Last Run
---------------------------------------  -----  ---------  --------  ----------  --------------  -------------------
/opt/airflow/dags/build_elt_with_dbt.py                           1           0  0.20s           2024-11-14T03:24:06
================================================================================
[2024-11-14T03:25:05.184+0000] {manager.py:878} INFO - 
================================================================================
DAG File Processing Stats

File Path                                PID    Runtime      # DAGs    # Errors  Last Runtime    Last Run
---------------------------------------  -----  ---------  --------  ----------  --------------  -------------------
/opt/airflow/dags/build_elt_with_dbt.py                           1           0  0.19s           2024-11-14T03:24:36
================================================================================
[2024-11-14T03:25:35.498+0000] {manager.py:878} INFO - 
================================================================================
DAG File Processing Stats

File Path                                PID    Runtime      # DAGs    # Errors  Last Runtime    Last Run
---------------------------------------  -----  ---------  --------  ----------  --------------  -------------------
/opt/airflow/dags/build_elt_with_dbt.py                           1           0  0.22s           2024-11-14T03:25:07
================================================================================
