[2024-11-14T03:24:33.614+0000] {local_task_job_runner.py:120} INFO - ::group::Pre task execution logs
[2024-11-14T03:24:33.650+0000] {taskinstance.py:2076} INFO - Dependencies all met for dep_context=non-requeueable deps ti=<TaskInstance: BuildELT_dbt.dbt_snapshot manual__2024-11-14T03:24:08.421527+00:00 [queued]>
[2024-11-14T03:24:33.668+0000] {taskinstance.py:2076} INFO - Dependencies all met for dep_context=requeueable deps ti=<TaskInstance: BuildELT_dbt.dbt_snapshot manual__2024-11-14T03:24:08.421527+00:00 [queued]>
[2024-11-14T03:24:33.669+0000] {taskinstance.py:2306} INFO - Starting attempt 1 of 1
[2024-11-14T03:24:33.687+0000] {taskinstance.py:2330} INFO - Executing <Task(BashOperator): dbt_snapshot> on 2024-11-14 03:24:08.421527+00:00
[2024-11-14T03:24:33.699+0000] {standard_task_runner.py:90} INFO - Running: ['***', 'tasks', 'run', 'BuildELT_dbt', 'dbt_snapshot', 'manual__2024-11-14T03:24:08.421527+00:00', '--job-id', '12', '--raw', '--subdir', 'DAGS_FOLDER/build_elt_with_dbt.py', '--cfg-path', '/tmp/tmpav1xl5bv']
[2024-11-14T03:24:33.702+0000] {standard_task_runner.py:91} INFO - Job 12: Subtask dbt_snapshot
[2024-11-14T03:24:33.703+0000] {logging_mixin.py:188} WARNING - /home/***/.local/lib/python3.12/site-packages/***/task/task_runner/standard_task_runner.py:61 DeprecationWarning: This process (pid=765) is multi-threaded, use of fork() may lead to deadlocks in the child.
[2024-11-14T03:24:33.704+0000] {standard_task_runner.py:63} INFO - Started process 766 to run task
[2024-11-14T03:24:33.770+0000] {task_command.py:426} INFO - Running <TaskInstance: BuildELT_dbt.dbt_snapshot manual__2024-11-14T03:24:08.421527+00:00 [running]> on host dbaa703e1ac4
[2024-11-14T03:24:33.903+0000] {taskinstance.py:2648} INFO - Exporting env vars: AIRFLOW_CTX_DAG_OWNER='***' AIRFLOW_CTX_DAG_ID='BuildELT_dbt' AIRFLOW_CTX_TASK_ID='dbt_snapshot' AIRFLOW_CTX_EXECUTION_DATE='2024-11-14T03:24:08.421527+00:00' AIRFLOW_CTX_TRY_NUMBER='1' AIRFLOW_CTX_DAG_RUN_ID='manual__2024-11-14T03:24:08.421527+00:00'
[2024-11-14T03:24:33.907+0000] {taskinstance.py:430} INFO - ::endgroup::
[2024-11-14T03:24:33.948+0000] {subprocess.py:63} INFO - Tmp dir root location: /tmp
[2024-11-14T03:24:33.952+0000] {subprocess.py:75} INFO - Running command: ['/usr/bin/bash', '-c', '/home/***/.local/bin/dbt snapshot --profiles-dir /opt/***/build_mau2 --project-dir /opt/***/build_mau2']
[2024-11-14T03:24:33.971+0000] {subprocess.py:86} INFO - Output:
[2024-11-14T03:24:36.480+0000] {subprocess.py:93} INFO - [0m03:24:36  Running with dbt=1.8.7
[2024-11-14T03:24:37.650+0000] {subprocess.py:93} INFO - [0m03:24:37  Registered adapter: snowflake=1.8.4
[2024-11-14T03:24:38.389+0000] {subprocess.py:93} INFO - [0m03:24:38  Found 3 models, 1 snapshot, 2 data tests, 3 sources, 459 macros
[2024-11-14T03:24:38.393+0000] {subprocess.py:93} INFO - [0m03:24:38
[2024-11-14T03:24:40.309+0000] {subprocess.py:93} INFO - [0m03:24:40  Concurrency: 1 threads (target='dev')
[2024-11-14T03:24:40.312+0000] {subprocess.py:93} INFO - [0m03:24:40
[2024-11-14T03:24:40.360+0000] {subprocess.py:93} INFO - [0m03:24:40  1 of 1 START snapshot snapshot.snapshot_session_summary ........................ [RUN]
[2024-11-14T03:24:43.636+0000] {subprocess.py:93} INFO - [0m03:24:43  1 of 1 OK snapshotted snapshot.snapshot_session_summary ........................ [[32mSUCCESS 0[0m in 3.27s]
[2024-11-14T03:24:43.652+0000] {subprocess.py:93} INFO - [0m03:24:43
[2024-11-14T03:24:43.654+0000] {subprocess.py:93} INFO - [0m03:24:43  Finished running 1 snapshot in 0 hours 0 minutes and 5.26 seconds (5.26s).
[2024-11-14T03:24:43.771+0000] {subprocess.py:93} INFO - [0m03:24:43
[2024-11-14T03:24:43.774+0000] {subprocess.py:93} INFO - [0m03:24:43  [32mCompleted successfully[0m
[2024-11-14T03:24:43.777+0000] {subprocess.py:93} INFO - [0m03:24:43
[2024-11-14T03:24:43.779+0000] {subprocess.py:93} INFO - [0m03:24:43  Done. PASS=1 WARN=0 ERROR=0 SKIP=0 TOTAL=1
[2024-11-14T03:24:44.586+0000] {subprocess.py:97} INFO - Command exited with return code 0
[2024-11-14T03:24:44.588+0000] {taskinstance.py:441} INFO - ::group::Post task execution logs
[2024-11-14T03:24:44.612+0000] {taskinstance.py:1206} INFO - Marking task as SUCCESS. dag_id=BuildELT_dbt, task_id=dbt_snapshot, run_id=manual__2024-11-14T03:24:08.421527+00:00, execution_date=20241114T032408, start_date=20241114T032433, end_date=20241114T032444
[2024-11-14T03:24:44.661+0000] {local_task_job_runner.py:240} INFO - Task exited with return code 0
[2024-11-14T03:24:44.675+0000] {taskinstance.py:3498} INFO - 0 downstream tasks scheduled from follow-on schedule check
[2024-11-14T03:24:44.679+0000] {local_task_job_runner.py:222} INFO - ::endgroup::
