[2024-11-14T03:17:47.749+0000] {local_task_job_runner.py:120} INFO - ::group::Pre task execution logs
[2024-11-14T03:17:48.061+0000] {taskinstance.py:2076} INFO - Dependencies all met for dep_context=non-requeueable deps ti=<TaskInstance: BuildELT_dbt.dbt_run manual__2024-11-14T03:17:44.885425+00:00 [queued]>
[2024-11-14T03:17:48.085+0000] {taskinstance.py:2076} INFO - Dependencies all met for dep_context=requeueable deps ti=<TaskInstance: BuildELT_dbt.dbt_run manual__2024-11-14T03:17:44.885425+00:00 [queued]>
[2024-11-14T03:17:48.086+0000] {taskinstance.py:2306} INFO - Starting attempt 1 of 1
[2024-11-14T03:17:48.125+0000] {taskinstance.py:2330} INFO - Executing <Task(BashOperator): dbt_run> on 2024-11-14 03:17:44.885425+00:00
[2024-11-14T03:17:48.239+0000] {standard_task_runner.py:90} INFO - Running: ['***', 'tasks', 'run', 'BuildELT_dbt', 'dbt_run', 'manual__2024-11-14T03:17:44.885425+00:00', '--job-id', '4', '--raw', '--subdir', 'DAGS_FOLDER/build_elt_with_dbt.py', '--cfg-path', '/tmp/tmppvnf19o3']
[2024-11-14T03:17:48.285+0000] {logging_mixin.py:188} WARNING - /home/***/.local/lib/python3.12/site-packages/***/task/task_runner/standard_task_runner.py:61 DeprecationWarning: This process (pid=457) is multi-threaded, use of fork() may lead to deadlocks in the child.
[2024-11-14T03:17:48.319+0000] {standard_task_runner.py:91} INFO - Job 4: Subtask dbt_run
[2024-11-14T03:17:48.321+0000] {standard_task_runner.py:63} INFO - Started process 464 to run task
[2024-11-14T03:17:48.975+0000] {task_command.py:426} INFO - Running <TaskInstance: BuildELT_dbt.dbt_run manual__2024-11-14T03:17:44.885425+00:00 [running]> on host dbaa703e1ac4
[2024-11-14T03:17:49.427+0000] {taskinstance.py:2648} INFO - Exporting env vars: AIRFLOW_CTX_DAG_OWNER='***' AIRFLOW_CTX_DAG_ID='BuildELT_dbt' AIRFLOW_CTX_TASK_ID='dbt_run' AIRFLOW_CTX_EXECUTION_DATE='2024-11-14T03:17:44.885425+00:00' AIRFLOW_CTX_TRY_NUMBER='1' AIRFLOW_CTX_DAG_RUN_ID='manual__2024-11-14T03:17:44.885425+00:00'
[2024-11-14T03:17:49.432+0000] {taskinstance.py:430} INFO - ::endgroup::
[2024-11-14T03:17:49.717+0000] {subprocess.py:63} INFO - Tmp dir root location: /tmp
[2024-11-14T03:17:49.728+0000] {subprocess.py:75} INFO - Running command: ['/usr/bin/bash', '-c', '/home/***/.local/bin/dbt run --profiles-dir /opt/***/build_mau2 --project-dir /opt/***/build_mau2']
[2024-11-14T03:17:49.776+0000] {subprocess.py:86} INFO - Output:
[2024-11-14T03:17:56.989+0000] {subprocess.py:93} INFO - [0m03:17:56  Running with dbt=1.8.7
[2024-11-14T03:18:01.437+0000] {subprocess.py:93} INFO - [0m03:18:01  Registered adapter: snowflake=1.8.4
[2024-11-14T03:18:01.875+0000] {subprocess.py:93} INFO - [0m03:18:01  Unable to do partial parsing because profile has changed
[2024-11-14T03:18:04.581+0000] {subprocess.py:93} INFO - [0m03:18:04  Found 3 models, 1 snapshot, 2 data tests, 3 sources, 459 macros
[2024-11-14T03:18:04.589+0000] {subprocess.py:93} INFO - [0m03:18:04
[2024-11-14T03:18:07.149+0000] {subprocess.py:93} INFO - [0m03:18:07  Concurrency: 1 threads (target='dev')
[2024-11-14T03:18:07.150+0000] {subprocess.py:93} INFO - [0m03:18:07
[2024-11-14T03:18:07.238+0000] {subprocess.py:93} INFO - [0m03:18:07  1 of 1 START sql table model analytics.session_summary ......................... [RUN]
[2024-11-14T03:18:09.982+0000] {subprocess.py:93} INFO - [0m03:18:09  1 of 1 OK created sql table model analytics.session_summary .................... [[32mSUCCESS 1[0m in 2.74s]
[2024-11-14T03:18:09.996+0000] {subprocess.py:93} INFO - [0m03:18:09
[2024-11-14T03:18:09.998+0000] {subprocess.py:93} INFO - [0m03:18:09  Finished running 1 table model in 0 hours 0 minutes and 5.40 seconds (5.40s).
[2024-11-14T03:18:10.119+0000] {subprocess.py:93} INFO - [0m03:18:10
[2024-11-14T03:18:10.121+0000] {subprocess.py:93} INFO - [0m03:18:10  [32mCompleted successfully[0m
[2024-11-14T03:18:10.122+0000] {subprocess.py:93} INFO - [0m03:18:10
[2024-11-14T03:18:10.123+0000] {subprocess.py:93} INFO - [0m03:18:10  Done. PASS=1 WARN=0 ERROR=0 SKIP=0 TOTAL=1
[2024-11-14T03:18:12.316+0000] {subprocess.py:97} INFO - Command exited with return code 0
[2024-11-14T03:18:12.323+0000] {taskinstance.py:441} INFO - ::group::Post task execution logs
[2024-11-14T03:18:12.364+0000] {taskinstance.py:1206} INFO - Marking task as SUCCESS. dag_id=BuildELT_dbt, task_id=dbt_run, run_id=manual__2024-11-14T03:17:44.885425+00:00, execution_date=20241114T031744, start_date=20241114T031748, end_date=20241114T031812
[2024-11-14T03:18:12.401+0000] {local_task_job_runner.py:240} INFO - Task exited with return code 0
[2024-11-14T03:18:12.452+0000] {taskinstance.py:3498} INFO - 1 downstream tasks scheduled from follow-on schedule check
[2024-11-14T03:18:12.456+0000] {local_task_job_runner.py:222} INFO - ::endgroup::
