[2024-11-14T03:18:23.759+0000] {local_task_job_runner.py:120} INFO - ::group::Pre task execution logs
[2024-11-14T03:18:23.811+0000] {taskinstance.py:2076} INFO - Dependencies all met for dep_context=non-requeueable deps ti=<TaskInstance: BuildELT_dbt.dbt_snapshot manual__2024-11-14T03:17:44.885425+00:00 [queued]>
[2024-11-14T03:18:23.826+0000] {taskinstance.py:2076} INFO - Dependencies all met for dep_context=requeueable deps ti=<TaskInstance: BuildELT_dbt.dbt_snapshot manual__2024-11-14T03:17:44.885425+00:00 [queued]>
[2024-11-14T03:18:23.827+0000] {taskinstance.py:2306} INFO - Starting attempt 1 of 1
[2024-11-14T03:18:23.843+0000] {taskinstance.py:2330} INFO - Executing <Task(BashOperator): dbt_snapshot> on 2024-11-14 03:17:44.885425+00:00
[2024-11-14T03:18:23.851+0000] {standard_task_runner.py:90} INFO - Running: ['***', 'tasks', 'run', 'BuildELT_dbt', 'dbt_snapshot', 'manual__2024-11-14T03:17:44.885425+00:00', '--job-id', '6', '--raw', '--subdir', 'DAGS_FOLDER/build_elt_with_dbt.py', '--cfg-path', '/tmp/tmptxkdekr3']
[2024-11-14T03:18:23.853+0000] {standard_task_runner.py:91} INFO - Job 6: Subtask dbt_snapshot
[2024-11-14T03:18:23.854+0000] {logging_mixin.py:188} WARNING - /home/***/.local/lib/python3.12/site-packages/***/task/task_runner/standard_task_runner.py:61 DeprecationWarning: This process (pid=520) is multi-threaded, use of fork() may lead to deadlocks in the child.
[2024-11-14T03:18:23.855+0000] {standard_task_runner.py:63} INFO - Started process 521 to run task
[2024-11-14T03:18:23.909+0000] {task_command.py:426} INFO - Running <TaskInstance: BuildELT_dbt.dbt_snapshot manual__2024-11-14T03:17:44.885425+00:00 [running]> on host dbaa703e1ac4
[2024-11-14T03:18:24.052+0000] {taskinstance.py:2648} INFO - Exporting env vars: AIRFLOW_CTX_DAG_OWNER='***' AIRFLOW_CTX_DAG_ID='BuildELT_dbt' AIRFLOW_CTX_TASK_ID='dbt_snapshot' AIRFLOW_CTX_EXECUTION_DATE='2024-11-14T03:17:44.885425+00:00' AIRFLOW_CTX_TRY_NUMBER='1' AIRFLOW_CTX_DAG_RUN_ID='manual__2024-11-14T03:17:44.885425+00:00'
[2024-11-14T03:18:24.054+0000] {taskinstance.py:430} INFO - ::endgroup::
[2024-11-14T03:18:24.075+0000] {subprocess.py:63} INFO - Tmp dir root location: /tmp
[2024-11-14T03:18:24.078+0000] {subprocess.py:75} INFO - Running command: ['/usr/bin/bash', '-c', '/home/***/.local/bin/dbt snapshot --profiles-dir /opt/***/build_mau2 --project-dir /opt/***/build_mau2']
[2024-11-14T03:18:24.089+0000] {subprocess.py:86} INFO - Output:
[2024-11-14T03:18:26.423+0000] {subprocess.py:93} INFO - [0m03:18:26  Running with dbt=1.8.7
[2024-11-14T03:18:27.505+0000] {subprocess.py:93} INFO - [0m03:18:27  Registered adapter: snowflake=1.8.4
[2024-11-14T03:18:28.390+0000] {subprocess.py:93} INFO - [0m03:18:28  Found 3 models, 1 snapshot, 2 data tests, 3 sources, 459 macros
[2024-11-14T03:18:28.397+0000] {subprocess.py:93} INFO - [0m03:18:28
[2024-11-14T03:18:30.315+0000] {subprocess.py:93} INFO - [0m03:18:30  Concurrency: 1 threads (target='dev')
[2024-11-14T03:18:30.318+0000] {subprocess.py:93} INFO - [0m03:18:30
[2024-11-14T03:18:30.338+0000] {subprocess.py:93} INFO - [0m03:18:30  1 of 1 START snapshot snapshot.snapshot_session_summary ........................ [RUN]
[2024-11-14T03:18:33.824+0000] {subprocess.py:93} INFO - [0m03:18:33  1 of 1 OK snapshotted snapshot.snapshot_session_summary ........................ [[32mSUCCESS 0[0m in 3.48s]
[2024-11-14T03:18:33.836+0000] {subprocess.py:93} INFO - [0m03:18:33
[2024-11-14T03:18:33.839+0000] {subprocess.py:93} INFO - [0m03:18:33  Finished running 1 snapshot in 0 hours 0 minutes and 5.44 seconds (5.44s).
[2024-11-14T03:18:33.927+0000] {subprocess.py:93} INFO - [0m03:18:33
[2024-11-14T03:18:33.928+0000] {subprocess.py:93} INFO - [0m03:18:33  [32mCompleted successfully[0m
[2024-11-14T03:18:33.930+0000] {subprocess.py:93} INFO - [0m03:18:33
[2024-11-14T03:18:33.931+0000] {subprocess.py:93} INFO - [0m03:18:33  Done. PASS=1 WARN=0 ERROR=0 SKIP=0 TOTAL=1
[2024-11-14T03:18:34.860+0000] {subprocess.py:97} INFO - Command exited with return code 0
[2024-11-14T03:18:34.868+0000] {taskinstance.py:441} INFO - ::group::Post task execution logs
[2024-11-14T03:18:34.973+0000] {taskinstance.py:1206} INFO - Marking task as SUCCESS. dag_id=BuildELT_dbt, task_id=dbt_snapshot, run_id=manual__2024-11-14T03:17:44.885425+00:00, execution_date=20241114T031744, start_date=20241114T031823, end_date=20241114T031834
[2024-11-14T03:18:35.030+0000] {local_task_job_runner.py:240} INFO - Task exited with return code 0
[2024-11-14T03:18:35.052+0000] {taskinstance.py:3498} INFO - 0 downstream tasks scheduled from follow-on schedule check
[2024-11-14T03:18:35.054+0000] {local_task_job_runner.py:222} INFO - ::endgroup::
